<testsuite name="Mocha Tests" tests="1051" failures="0" errors="0" skipped="0" timestamp="Sun, 20 Jun 2021 09:02:46 GMT" time="3.869">
<testcase classname="@com.mgmtp.a12.tree-engine.core.models.marshaller.marshallTreeModel header" name="modelReferences should have link document models, other fields should be same as TreeModel&#x27;s header" time="0.001"/>
<testcase classname="@com.mgmtp.a12.tree-engine.core.models.marshaller.marshallTreeModel content content.nodes when not found dataModel from node.documentModelRef and params.dataModels" name="should throw an error" time="0"/>
<testcase classname="@com.mgmtp.a12.tree-engine.cor e.models.marshaller.marshallTreeModel content content.nodes content.nodes[_].childRelationshipConfigurations when a childRelationshipConfiguration has no column" name="should return that childRelationshipConfiguration with columns = undefined explicitly" time="0"/>
<testcase classname="@com.mgmtp.a12.tree-engine.core.models.marshaller.marshallTreeModel content content.nodes content.nodes[_].childRelationshipConfigurations when not found corresponding relationshipModel from a config.relationshipModelRef" name="should throw an error" time="0.001"/>
<testcase classname="@com.mgmtp.a12.tree-engine.core.models.marshaller.marshallTreeModel content content.nodes content.nodes[_].childRelationshipConfigurations when the linkDocumentModelName of corresponding relationshipModel is null" name="should return that childRelationshipConfiguration with columns = undefined explicitly" time="0"/>
<testcase classname="@com.mgmtp.a12.tree-engine.core.models.marshaller.marshallTreeModel content content.nodes content.nodes[_].childRelationshipConfigurations when not found corresponding linkDataModel from calculated linkDocumentModelName" name="should throw an error" time="0"/>
<testcase classname="@com.mgmtp.a12.tree-engine.core.models.marshaller.marshallTreeModel content content.nodes content.nodes[_].childRelationshipConfigurations when not found corresponding element in linkDataModel from column.elementRef" name="should throw an error" time="0.001"/>
<testcase classname="@com.mgmtp.a12.tree-engine.core.models.marshaller.marshallTreeModel content content.nodes content.nodes[_].childRelationshipConfigurations when everything works properly" name="should return columns of childRelationshipConfigurations which have the proper elementPath" time="0"/>
<testcase classname="@com.mgmtp.a12.tree-engine.core.models.marshaller.marshallTreeModel content content.nodes content.nodes[_].columns when everything works properly" name="should return columns which have the proper elementPath" time="0"/>
<testcase classname="@com.mgmtp.a12.tree-engine.core.models.marshaller.marshallTreeModel content configuration when not found a childRelationshipConfiguration of a node whose id is same as content.configuration.rootRef" name="should throw an error" time="0"/>
<testcase classname="@com.mgmtp.a12.tree-engine.core.models.marshaller.marshallTreeModel content configuration when found a childRelationshipConfiguration of a node whose id is same as content.configuration.rootRef" name="should add the root into content.configuration properly" time="0.001"/>
<testcase classname="@com.mgmtp.a12.tree-engine.core.models.marshaller isValidTreeModel when given input = {&#x22;header&#x22;:{&#x22;id&#x22;:&#x22;1&#x22;,&#x22;modelType&#x22;:&#x22;tree&#x22;,&#x22;modelVersion&#x22;:&#x22;2.0.0&#x22;},&#x22;content&#x22;:{&#x22;subHeaderBox&#x22;:{},&#x22;footerBox&#x22;:{},&#x22;columns&#x22;:[],&#x22;nodes&#x22;:[],&#x22;configuration&#x22;:{&#x22;rootRef&#x22;:&#x22;&#x22;,&#x22;hierarchicalColumnRef&#x22;:&#x22;&#x22;,&#x22;dnd&#x22;:{&#x22;onDrag&#x22;:{&#x22;expandHoveredNode&#x22;:false}}}}}" name="should return true" time="0"/>
<testcase classname="@com.mgmtp.a12.tree-engine.core.models.marshaller isValidTreeModel when given input = {&#x22;header&#x22;:{&#x22;id&#x22;:&#x22;1&#x22;,&#x22;modelType&#x22;:&#x22;tree&#x22;,&#x22;modelVersion&#x22;:&#x22;2.0.0&#x22;},&#x22;content&#x22;:{&#x22;subHeaderBox&#x22;:{},&#x22;footerBox&#x22;:{},&#x22;columns&#x22;:[],&#x22;nodes&#x22;:[]}}" name="should return false" time="0"/>
<testcase classname="@com.mgmtp.a12.tree-engine.core.models.marshaller isValidTreeModel when given input = {&#x22;header&#x22;:{&#x22;id&#x22;:&#x22;1&#x22;,&#x22;modelType&#x22;:&#x22;tree&#x22;,&#x22;modelVersion&#x22;:&#x22;2.0.0&#x22;},&#x22;content&#x22;:{&#x22;configuration&#x22;:{&#x22;rootRef&#x22;:&#x22;&#x22;,&#x22;hierarchicalColumnRef&#x22;:&#x22;&#x22;,&#x22;dnd&#x22;:{&#x22;onDrag&#x22;:{&#x22;expandHoveredNode&#x22;:false}}}}}" name="should return false" time="0"/>
<testcase classname="@com.mgmtp.a12.tree-engine.core.models.marshaller isValidTreeModel when given input = {&#x22;content&#x22;:{&#x22;subHeaderBox&#x22;:{},&#x22;footerBox&#x22;:{},&#x22;columns&#x22;:[],&#x22;nodes&#x22;:[],&#x22;configuration&#x22;:{&#x22;rootRef&#x22;:&#x22;&#x22;,&#x22;hierarchicalColumnRef&#x22;:&#x22;&#x22;,&#x22;dnd&#x22;:{&#x22;onDrag&#x22;:{&#x22;expandHoveredNode&#x22;:false}}}}}" name="should throw an error" time="0"/>
<testcase classname="@com.mgmtp.a12.tree-engine.core.models.marshaller isValidTreeModel when given input = {&#x22;header&#x22;:{&#x22;id&#x22;:&#x22;1&#x22;,&#x22;modelType&#x22;:&#x22;tree&#x22;,&#x22;modelVersion&#x22;:&#x22;2.0.0&#x22;}}" name="should throw an error" time="0"/>
<testcase classname="@com.mgmtp.a12.tree-engine.core.models.marshaller isValidModelHeader when given input = {&#x22;id&#x22;:&#x22;1&#x22;,&#x22;modelType&#x22;:&#x22;tree&#x22;,&#x22;modelVersion&#x22;:&#x22;2.0.0&#x22;}" name="should return true" time="0"/>
<testcase classname="@com.mgmtp.a12.tree-engine.core.models.marshaller isValidModelHeader when given input = {&#x22;modelType&#x22;:&#x22;tree&#x22;,&#x22;modelVersion&#x22;:&#x22;2.0.0&#x22;}" name="should throw an error" time="0"/>
<testcase classname="@com.mgmtp.a12.tree-engine.core.models.marshaller isValidModelHeader when given input = {&#x22;id&#x22;:&#x22;1&#x22;,&#x22;modelVersion&#x22;:&#x22;2.0.0&#x22;}" name="should throw an error" time="0"/>
<testcase classname="@com.mgmtp.a12.tree-engine.core.models.marshaller isValidModelHeader when given input = {&#x22;id&#x22;:&#x22;1&#x22;,&#x22;modelType&#x22;:&#x22;tree&#x22;}" name="should throw an error" time="0"/>
<testcase classname="@com.mgmtp.a12.tree-engine.core.models.marshaller isValidModelHeader when given input = {&#x22;id&#x22;:&#x22;1&#x22;,&#x22;modelType&#x22;:&#x22;overview&#x22;,&#x22;modelVersion&#x22;:&#x22;2.0.0&#x22;}" name="should throw an error" time="0.001"/>
<testcase classname="@com.mgmtp.a12.tree-engine.core.models.marshaller isValidTreeModelContent when given input = {&#x22;subHeaderBox&#x22;:{},&#x22;footerBox&#x22;:{},&#x22;columns&#x22;:[],&#x22;nodes&#x22;:[],&#x22;configuration&#x22;:{&#x22;rootRef&#x22;:&#x22;&#x22;,&#x22;hierarchicalColumnRef&#x22;:&#x22;&#x22;,&#x22;dnd&#x22;:{&#x22;onDrag&#x22;:{&#x22;expandHoveredNode&#x22;:false}}}}" name="should return true" time="0"/>
<testcase classname="@com.mgmtp.a12.tree-engine.core.models.marshaller isValidTreeModelContent when given input = {&#x22;footerBox&#x22;:{},&#x22;columns&#x22;:[],&#x22;nodes&#x22;:[],&#x22;configuration&#x22;:{&#x22;rootRef&#x22;:&#x22;&#x22;,&#x22;hierarchicalColumnRef&#x22;:&#x22;&#x22;,&#x22;dnd&#x22;:{&#x22;onDrag&#x22;:{&#x22;expandHoveredNode&#x22;:false}}}}" name="should return false" time="0"/>
<testcase classname="@com.mgmtp.a12.tree-engine.core.models.marshaller isValidTreeModelContent when given input = {&#x22;subHeaderBox&#x22;:{},&#x22;columns&#x22;:[],&#x22;nodes&#x22;:[],&#x22;configuration&#x22;:{&#x22;rootRef&#x22;:&#x22;&#x22;,&#x22;hierarchicalColumnRef&#x22;:&#x22;&#x22;,&#x22;dnd&#x22;:{&#x22;onDrag&#x22;:{&#x22;expandHoveredNode&#x22;:false}}}}" name="should return false" time="0"/>
<testcase classname="@com.mgmtp.a12.tree-engine.core.models.marshaller isValidTreeModelContent when given input = {&#x22;subHeaderBox&#x22;:{},&#x22;footerBox&#x22;:{},&#x22;nodes&#x22;:[],&#x22;configuration&#x22;:{&#x22;rootRef&#x22;:&#x22;&#x22;,&#x22;hierarchicalColumnRef&#x22;:&#x22;&#x22;,&#x22;dnd&#x22;:{&#x22;onDrag&#x22;:{&#x22;expandHoveredNode&#x22;:false}}}}" name="should return false" time="0"/>
<testcase classname="@com.mgmtp.a12.tree-engine.core.models.marshaller isValidTreeModelContent when given input = {&#x22;subHeaderBox&#x22;:{},&#x22;footerBox&#x22;:{},&#x22;columns&#x22;:[],&#x22;configuration&#x22;:{&#x22;rootRef&#x22;:&#x22;&#x22;,&#x22;hierarchicalColumnRef&#x22;:&#x22;&#x22;,&#x22;dnd&#x22;:{&#x22;onDrag&#x22;:{&#x22;expandHoveredNode&#x22;:false}}}}" name="should return false" time="0"/>
<testcase classname="@com.mgmtp.a12.tree-engine.core.models.marshaller isValidTreeModelContent when given input = {&#x22;subHeaderBox&#x22;:{},&#x22;footerBox&#x22;:{},&#x22;columns&#x22;:[],&#x22;nodes&#x22;:[]}" name="should return false" time="0"/>
<testcase classname="@com.mgmtp.a12.tree-engine.core.models.marshaller isValidTreeModelContent when given input = {&#x22;footerBox&#x22;:{},&#x22;columns&#x22;:[],&#x22;nodes&#x22;:[],&#x22;configuration&#x22;:{&#x22;rootRef&#x22;:&#x22;&#x22;,&#x22;hierarchicalColumnRef&#x22;:&#x22;&#x22;,&#x22;dnd&#x22;:{&#x22;onDrag&#x22;:{&#x22;expandHoveredNode&#x22;:false}}}}" name="should throw an error" time="0.006"/>
<testcase classname="@com.mgmtp.a12.tree-engine.core.models.marshaller isValidTreeModelContent when given input = {&#x22;subHeaderBox&#x22;:{&#x22;button&#x22;:{}},&#x22;footerBox&#x22;:{},&#x22;columns&#x22;:[],&#x22;nodes&#x22;:[],&#x22;configuration&#x22;:{&#x22;rootRef&#x22;:&#x22;&#x22;,&#x22;hierarchicalColumnRef&#x22;:&#x22;&#x22;,&#x22;dnd&#x22;:{&#x22;onDrag&#x22;:{&#x22;expandHoveredNode&#x22;:false}}}}" name="should throw an error" time="0.001"/>
<testcase classname="@com.mgmtp.a12.tree-engine.core.models.marshaller isValidTreeModelContent when given input = {&#x22;subHeaderBox&#x22;:{},&#x22;footerBox&#x22;:{&#x22;minorButtons&#x22;:{&#x22;button&#x22;:[]}},&#x22;columns&#x22;:[],&#x22;nodes&#x22;:[],&#x22;configuration&#x22;:{&#x22;rootRef&#x22;:&#x22;&#x22;,&#x22;hierarchicalColumnRef&#x22;:&#x22;&#x22;,&#x22;dnd&#x22;:{&#x22;onDrag&#x22;:{&#x22;expandHoveredNode&#x22;:false}}}}" name="should throw an error" time="0"/>
<testcase classname="@com.mgmtp.a12.tree-engine.core.models.marshaller isValidSubHeaderType when given input = []" name="should return true" time="0"/>
<testcase classname="@com.mgmtp.a12.tree-engine.core.models.marshaller isValidSubHeaderType when given input = {}" name="should return true" time="0"/>
<testcase classname="@com.mgmtp.a12.tree-engine.core.models.marshaller isValidSubHeaderType when given input = {}" name="should return true" time="0"/>
<testcase classname="@com.mgmtp.a12.tree-engine.core.models.marshaller isValidSubHeaderType when given input = {&#x22;id&#x22;:&#x22;0&#x22;}" name="should return true" time="0"/>
<testcase classname="@com.mgmtp.a12.tree-engine.core.models.marshaller isValidSubHeaderType when given input = {&#x22;id&#x22;:&#x22;0&#x22;}" name="should return true" time="0"/>
<testcase classname="@com.mgmtp.a12.tree-engine.core.models.marshaller isValidSubHeaderType when given input = {&#x22;id&#x22;:&#x22;0&#x22;,&#x22;button&#x22;:[]}" name="should return true" time="0"/>
<testcase classname="@com.mgmtp.a12.tree-engine.core.models.marshaller isValidSubHeaderType when given input = {&#x22;id&#x22;:&#x22;0&#x22;,&#x22;button&#x22;:[{&#x22;id&#x22;:&#x22;0&#x22;,&#x22;event&#x22;:&#x22;A&#x22;}]}" name="should return true" time="0"/>
<testcase classname="@com.mgmtp.a12.tree-engine.core.models.marshaller isValidSubHeaderType when given input = {&#x22;id&#x22;:&#x22;0&#x22;,&#x22;button&#x22;:[{&#x22;id&#x22;:&#x22;0&#x22;,&#x22;event&#x22;:&#x22;A&#x22;},{&#x22;id&#x22;:&#x22;1&#x22;,&#x22;event&#x22;:&#x22;A&#x22;}]}" name="should return true" time="0"/>
<testcase classname="@com.mgmtp.a12.tree-engine.core.models.marshaller isValidSubHeaderType when given input = {&#x22;button&#x22;:{}}" name="should throw an error" time="0"/>
<testcase classname="@com.mgmtp.a12.tree-engine.core.models.marshaller isValidSubHeaderType when given input = {&#x22;button&#x22;:[{}]}" name="should throw an error" time="0"/>
<testcase classname="@com.mgmtp.a12.tree-engine.core.models.marshaller isValidSubHeaderType when given input = {&#x22;button&#x22;:[{&#x22;id&#x22;:&#x22;0&#x22;}]}" name="should throw an error" time="0"/>
<testcase classname="@com.mgmtp.a12.tree-engine.core.models.marshaller isValidSubHeaderType when given input = {&#x22;button&#x22;:[{&#x22;id&#x22;:&#x22;0&#x22;,&#x22;event&#x22;:&#x22;A&#x22;}]}" name="should throw an error" time="0.001"/>
<testcase classname="@com.mgmtp.a12.tree-engine.core.models.marshaller isValidFooterType when given input = []" name="should return true" time="0"/>
<testcase classname="@com.mgmtp.a12.tree-engine.core.models.marshaller isValidFooterType when given input = {}" name="should return true" time="0"/>
<testcase classname="@com.mgmtp.a12.tree-engine.core.models.marshaller isValidFooterType when given input = {&#x22;id&#x22;:&#x22;0&#x22;}" name="should return true" time="0"/>
<testcase classname="@com.mgmtp.a12.tree-engine.core.models.marshaller isValidFooterType when given input = {&#x22;id&#x22;:&#x22;0&#x22;,&#x22;majorButtons&#x22;:[]}" name="should return true" time="0"/>
<testcase classname="@com.mgmtp.a12.tree-engine.core.models.marshaller isValidFooterType when given input = {&#x22;id&#x22;:&#x22;0&#x22;,&#x22;majorButtons&#x22;:{}}" name="should return true" time="0"/>
<testcase classname="@com.mgmtp.a12.tree-engine.core.models.marshaller isValidFooterType when given input = {&#x22;id&#x22;:&#x22;0&#x22;,&#x22;majorButtons&#x22;:{&#x22;button&#x22;:[]}}" name="should return true" time="0.001"/>
<testcase classname="@com.mgmtp.a12.tree-engine.core.models.marshaller isValidFooterType when given input = {&#x22;id&#x22;:&#x22;0&#x22;,&#x22;majorButtons&#x22;:{&#x22;button&#x22;:[{&#x22;id&#x22;:&#x22;0&#x22;,&#x22;event&#x22;:&#x22;A&#x22;}]}}" name="should return true" time="0"/>
<testcase classname="@com.mgmtp.a12.tree-engine.core.models.marshaller isValidFooterType when given input = {&#x22;id&#x22;:&#x22;0&#x22;,&#x22;minorButtons&#x22;:[]}" name="should return true" time="0"/>
<testcase classname="@com.mgmtp.a12.tree-engine.core.models.marshaller isValidFooterType when given input = {&#x22;id&#x22;:&#x22;0&#x22;,&#x22;minorButtons&#x22;:{}}" name="should return true" time="0"/>
<testcase classname="@com.mgmtp.a12.tree-engine.core.models.marshaller isValidFooterType when given input = {&#x22;id&#x22;:&#x22;0&#x22;,&#x22;minorButtons&#x22;:{&#x22;button&#x22;:[]}}" name="should return true" time="0.001"/>
<testcase classname="@com.mgmtp.a12.tree-engine.core.models.marshaller isValidFooterType when given input = {&#x22;id&#x22;:&#x22;0&#x22;,&#x22;minorButtons&#x22;:{&#x22;button&#x22;:[{&#x22;id&#x22;:&#x22;0&#x22;,&#x22;event&#x22;:&#x22;A&#x22;}]}}" name="should return true" time="0"/>
<testcase classname="@com.mgmtp.a12.tree-engine.core.models.marshaller isValidFooterType when given input = {&#x22;id&#x22;:&#x22;0&#x22;,&#x22;majorButtons&#x22;:{&#x22;button&#x22;:[{&#x22;id&#x22;:&#x22;0&#x22;,&#x22;event&#x22;:&#x22;A&#x22;},{&#x22;id&#x22;:&#x22;1&#x22;,&#x22;event&#x22;:&#x22;A&#x22;}]},&#x22;minorButtons&#x22;:{&#x22;button&#x22;:[{&#x22;id&#x22;:&#x22;1&#x22;,&#x22;event&#x22;:&#x22;A&#x22;},{&#x22;id&#x22;:&#x22;0&#x22;,&#x22;event&#x22;:&#x22;A&#x22;}]}}" name="should return true" time="0"/>
<testcase classname="@com.mgmtp.a12.tree-engine.core.models.marshaller isValidFooterType when given input = {&#x22;id&#x22;:&#x22;0&#x22;,&#x22;majorButtons&#x22;:{&#x22;button&#x22;:{}}}" name="should throw an error" time="0"/>
<testcase classname="@com.mgmtp.a12.tree-engine.core.models.marshaller isValidFooterType when given input = {&#x22;id&#x22;:&#x22;0&#x22;,&#x22;majorButtons&#x22;:{&#x22;button&#x22;:[{}]}}" name="should throw an error" time="0"/>
<testcase classname="@com.mgmtp.a12.tree-engine.core.models.marshaller isValidFooterType when given input = {&#x22;id&#x22;:&#x22;0&#x22;,&#x22;minorButtons&#x22;:{&#x22;button&#x22;:{}}}" name="should throw an error" time="0"/>
<testcase classname="@com.mgmtp.a12.tree-engine.core.models.marshaller isValidFooterType when given input = {&#x22;id&#x22;:&#x22;0&#x22;,&#x22;minorButtons&#x22;:{&#x22;button&#x22;:[{}]}}" name="should throw an error" time="0"/>
<testcase classname="@com.mgmtp.a12.tree-engine.core.models.marshaller isValidFooterType when given input = {&#x22;minorButtons&#x22;:{&#x22;button&#x22;:[]}}" name="should throw an error" time="0"/>
<testcase classname="@com.mgmtp.a12.tree-engine.core.models.marshaller isValidFooterType when given input = {&#x22;majorButtons&#x22;:{&#x22;button&#x22;:[{&#x22;id&#x22;:&#x22;0&#x22;,&#x22;event&#x22;:&#x22;A&#x22;}]}}" name="should throw an error" time="0"/>
<testcase classname="@com.mgmtp.a12.tree-engine.core.models.marshaller isValidConfiguration when given input = {&#x22;rootRef&#x22;:&#x22;root&#x22;,&#x22;hierarchicalColumnRef&#x22;:&#x22;1024&#x22;,&#x22;dnd&#x22;:{&#x22;onDrag&#x22;:{&#x22;expandHoveredNode&#x22;:false}}}" name="should return true" time="0"/>
<testcase classname="@com.mgmtp.a12.tree-engine.core.models.marshaller isValidConfiguration when given input = {&#x22;rootRef&#x22;:&#x22;root&#x22;,&#x22;root&#x22;:{},&#x22;hierarchicalColumnRef&#x22;:&#x22;1024&#x22;,&#x22;dnd&#x22;:{&#x22;onDrag&#x22;:{&#x22;expandHoveredNode&#x22;:false}}}" name="should return true" time="0"/>
<testcase classname="@com.mgmtp.a12.tree-engine.core.models.marshaller isValidConfiguration when given input = {&#x22;hierarchicalColumnRef&#x22;:&#x22;1024&#x22;,&#x22;dnd&#x22;:{&#x22;onDrag&#x22;:{&#x22;expandHoveredNode&#x22;:false}}}" name="should throw an error" time="0"/>
<testcase classname="@com.mgmtp.a12.tree-engine.core.models.marshaller isValidConfiguration when given input = {&#x22;rootRef&#x22;:&#x22;root&#x22;,&#x22;dnd&#x22;:{&#x22;onDrag&#x22;:{&#x22;expandHoveredNode&#x22;:false}}}" name="should throw an error" time="0"/>
<testcase classname="@com.mgmtp.a12.tree-engine.core.models.marshaller isValidConfiguration when given input = {&#x22;rootRef&#x22;:&#x22;root&#x22;,&#x22;hierarchicalColumnRef&#x22;:&#x22;1024&#x22;}" name="should throw an error" time="0"/>
<testcase classname="@com.mgmtp.a12.tree-engine.core.models.marshaller isValidDndConfiguration when given input = {&#x22;onDrag&#x22;:{&#x22;expandHoveredNode&#x22;:false}}" name="should return true" time="0"/>
<testcase classname="@com.mgmtp.a12.tree-engine.core.models.marshaller isValidDndConfiguration when given input = {&#x22;onDrag&#x22;:{&#x22;expandHoveredNode&#x22;:true}}" name="should return true" time="0"/>
<testcase classname="@com.mgmtp.a12.tree-engine.core.models.marshaller isValidDndConfiguration when given input = {&#x22;onDrag&#x22;:{}}" name="should return true" time="0"/>
<testcase classname="@com.mgmtp.a12.tree-engine.core.models.marshaller isValidDndConfiguration when given input = {}" name="should throw an error" time="0"/>
<testcase classname="@com.mgmtp.a12.tree-engine.core.models.marshaller isValidDndConfiguration when given input = {&#x22;onDrag&#x22;:{}}" name="should throw an error" time="0"/>
<testcase classname="@com.mgmtp.a12.tree-engine.core.models.marshaller isValidColumns when given input = []" name="should return true" time="0"/>
<testcase classname="@com.mgmtp.a12.tree-engine.core.models.marshaller isValidColumns when given input = [{&#x22;id&#x22;:&#x22;0&#x22;,&#x22;name&#x22;:&#x22;Location&#x22;,&#x22;label&#x22;:{},&#x22;width&#x22;:1,&#x22;fixedWidth&#x22;:true}]" name="should return true" time="0"/>
<testcase classname="@com.mgmtp.a12.tree-engine.core.models.marshaller isValidColumns when given input = [{&#x22;id&#x22;:&#x22;0&#x22;,&#x22;name&#x22;:&#x22;Location&#x22;,&#x22;label&#x22;:{},&#x22;width&#x22;:1,&#x22;fixedWidth&#x22;:true},{&#x22;id&#x22;:&#x22;1&#x22;,&#x22;name&#x22;:&#x22;Location&#x22;,&#x22;label&#x22;:{},&#x22;width&#x22;:1,&#x22;fixedWidth&#x22;:true}]" name="should return true" time="0"/>
<testcase classname="@com.mgmtp.a12.tree-engine.core.models.marshaller isValidColumns when given input = {}" name="should throw an error" time="0"/>
<testcase classname="@com.mgmtp.a12.tree-engine.core.models.marshaller isValidColumns when given input = [{&#x22;id&#x22;:&#x22;0&#x22;,&#x22;name&#x22;:&#x22;Location&#x22;,&#x22;label&#x22;:{},&#x22;width&#x22;:1,&#x22;fixedWidth&#x22;:true},{&#x22;id&#x22;:&#x22;0&#x22;,&#x22;name&#x22;:&#x22;Expertise&#x22;,&#x22;label&#x22;:{},&#x22;width&#x22;:2,&#x22;fixedWidth&#x22;:false}]" name="should throw an error" time="0"/>
<testcase classname="@com.mgmtp.a12.tree-engine.core.models.marshaller isValidColumns when given input = [{&#x22;id&#x22;:&#x22;0&#x22;,&#x22;name&#x22;:&#x22;Location&#x22;,&#x22;label&#x22;:{},&#x22;width&#x22;:1,&#x22;fixedWidth&#x22;:true},{&#x22;id&#x22;:&#x22;1&#x22;,&#x22;name&#x22;:&#x22;Location&#x22;,&#x22;width&#x22;:1,&#x22;fixedWidth&#x22;:true}]" name="should throw an error" time="0"/>
<testcase classname="@com.mgmtp.a12.tree-engine.core.models.marshaller isValidColumn when given input = {&#x22;id&#x22;:&#x22;0&#x22;,&#x22;name&#x22;:&#x22;Location&#x22;,&#x22;label&#x22;:{},&#x22;width&#x22;:1,&#x22;fixedWidth&#x22;:true}" name="should return true" time="0"/>
<testcase classname="@com.mgmtp.a12.tree-engine.core.models.marshaller isValidColumn when given input = {&#x22;name&#x22;:&#x22;Location&#x22;,&#x22;label&#x22;:{},&#x22;width&#x22;:1,&#x22;fixedWidth&#x22;:true}" name="should throw an error" time="0"/>
<testcase classname="@com.mgmtp.a12.tree-engine.core.models.marshaller isValidColumn when given input = {&#x22;id&#x22;:&#x22;0&#x22;,&#x22;label&#x22;:{},&#x22;width&#x22;:1,&#x22;fixedWidth&#x22;:true}" name="should throw an error" time="0"/>
<testcase classname="@com.mgmtp.a12.tree-engine.core.models.marshaller isValidColumn when given input = {&#x22;id&#x22;:&#x22;0&#x22;,&#x22;name&#x22;:&#x22;Location&#x22;,&#x22;width&#x22;:1,&#x22;fixedWidth&#x22;:true}" name="should throw an error" time="0"/>
<testcase classname="@com.mgmtp.a12.tree-engine.core.models.marshaller isValidColumn when given input = {&#x22;id&#x22;:&#x22;0&#x22;,&#x22;name&#x22;:&#x22;Location&#x22;,&#x22;label&#x22;:{},&#x22;fixedWidth&#x22;:true}" name="should throw an error" time="0"/>
<testcase classname="@com.mgmtp.a12.tree-engine.core.models.marshaller isValidColumn when given input = {&#x22;id&#x22;:&#x22;0&#x22;,&#x22;name&#x22;:&#x22;Location&#x22;,&#x22;label&#x22;:{},&#x22;width&#x22;:1}" name="should throw an error" time="0.001"/>
<testcase classname="@com.mgmtp.a12.tree-engine.core.models.marshaller isValidNodes when given input = []" name="should return true" time="0"/>
<testcase classname="@com.mgmtp.a12.tree-engine.core.models.marshaller isValidNodes when given input = [{&#x22;id&#x22;:&#x22;0&#x22;,&#x22;documentModelRef&#x22;:&#x22;DomainTeam&#x22;,&#x22;configuration&#x22;:{&#x22;dnd&#x22;:false},&#x22;childRelationshipConfigurations&#x22;:[],&#x22;actions&#x22;:[]}]" name="should return true" time="0.001"/>
<testcase classname="@com.mgmtp.a12.tree-engine.core.models.marshaller isValidNodes when given input = [{&#x22;id&#x22;:&#x22;0&#x22;,&#x22;documentModelRef&#x22;:&#x22;DomainTeam&#x22;,&#x22;configuration&#x22;:{&#x22;dnd&#x22;:false},&#x22;childRelationshipConfigurations&#x22;:[],&#x22;actions&#x22;:[]},{&#x22;id&#x22;:&#x22;1&#x22;,&#x22;documentModelRef&#x22;:&#x22;DomainTeam&#x22;,&#x22;configuration&#x22;:{&#x22;dnd&#x22;:false},&#x22;childRelationshipConfigurations&#x22;:[],&#x22;actions&#x22;:[]}]" name="should return true" time="0"/>
<testcase classname="@com.mgmtp.a12.tree-engine.core.models.marshaller isValidNodes when given input = {}" name="should throw an error" time="0.001"/>
<testcase classname="@com.mgmtp.a12.tree-engine.core.models.marshaller isValidNodes when given input = [{&#x22;documentModelRef&#x22;:&#x22;DomainTeam&#x22;,&#x22;configuration&#x22;:{&#x22;dnd&#x22;:false},&#x22;childRelationshipConfigurations&#x22;:[],&#x22;actions&#x22;:[]}]" name="should throw an error" time="0"/>
<testcase classname="@com.mgmtp.a12.tree-engine.core.models.marshaller isValidNodes when given input = [{&#x22;id&#x22;:&#x22;0&#x22;,&#x22;configuration&#x22;:{&#x22;dnd&#x22;:false},&#x22;childRelationshipConfigurations&#x22;:[],&#x22;actions&#x22;:[]}]" name="should throw an error" time="0"/>
<testcase classname="@com.mgmtp.a12.tree-engine.core.models.marshaller isValidNodes when given input = [{&#x22;id&#x22;:&#x22;0&#x22;,&#x22;documentModelRef&#x22;:&#x22;DomainTeam&#x22;,&#x22;childRelationshipConfigurations&#x22;:[],&#x22;actions&#x22;:[]}]" name="should throw an error" time="0"/>
<testcase classname="@com.mgmtp.a12.tree-engine.core.models.marshaller isValidNodes when given input = [{&#x22;id&#x22;:&#x22;0&#x22;,&#x22;documentModelRef&#x22;:&#x22;DomainTeam&#x22;,&#x22;configuration&#x22;:{},&#x22;childRelationshipConfigurations&#x22;:[],&#x22;actions&#x22;:[]}]" name="should throw an error" time="0"/>
<testcase classname="@com.mgmtp.a12.tree-engine.core.models.marshaller isValidNodes when given input = [{&#x22;id&#x22;:&#x22;0&#x22;,&#x22;documentModelRef&#x22;:&#x22;DomainTeam&#x22;,&#x22;configuration&#x22;:{&#x22;dnd&#x22;:false},&#x22;columns&#x22;:[{}],&#x22;childRelationshipConfigurations&#x22;:[],&#x22;actions&#x22;:[]}]" name="should throw an error" time="0"/>
<testcase classname="@com.mgmtp.a12.tree-engine.core.models.marshaller isValidNodes when given input = [{&#x22;id&#x22;:&#x22;0&#x22;,&#x22;documentModelRef&#x22;:&#x22;DomainTeam&#x22;,&#x22;configuration&#x22;:{&#x22;dnd&#x22;:false},&#x22;columns&#x22;:[],&#x22;actions&#x22;:[]}]" name="should throw an error" time="0"/>
<testcase classname="@com.mgmtp.a12.tree-engine.core.models.marshaller isValidNodes when given input = [{&#x22;id&#x22;:&#x22;0&#x22;,&#x22;documentModelRef&#x22;:&#x22;DomainTeam&#x22;,&#x22;configuration&#x22;:{&#x22;dnd&#x22;:false},&#x22;childRelationshipConfigurations&#x22;:[]}]" name="should throw an error" time="0"/>
<testcase classname="@com.mgmtp.a12.tree-engine.core.models.marshaller isValidNodes when given input = [{&#x22;id&#x22;:&#x22;0&#x22;,&#x22;documentModelRef&#x22;:&#x22;DomainTeam&#x22;,&#x22;configuration&#x22;:{&#x22;dnd&#x22;:false},&#x22;childRelationshipConfigurations&#x22;:[],&#x22;actions&#x22;:[],&#x22;defaultRowAction&#x22;:{&#x22;custom&#x22;:true}}]" name="should throw an error" time="0"/>
<testcase classname="@com.mgmtp.a12.tree-engine.core.models.marshaller isValidNodeConfiguration when given input = {}" name="should return true" time="0"/>
<testcase classname="@com.mgmtp.a12.tree-engine.core.models.marshaller isValidNodeConfiguration when given input = {&#x22;dnd&#x22;:false}" name="should return true" time="0"/>
<testcase classname="@com.mgmtp.a12.tree-engine.core.models.marshaller isValidNodeConfiguration when given input = {&#x22;dnd&#x22;:true}" name="should return true" time="0"/>
<testcase classname="@com.mgmtp.a12.tree-engine.core.models.marshaller isValidNodeConfiguration when given input = {}" name="should throw an error" time="0.001"/>
<testcase classname="@com.mgmtp.a12.tree-engine.core.models.marshaller isValidNodeConfiguration when given input = {&#x22;Dnd&#x22;:true}" name="should throw an error" time="0"/>
<testcase classname="@com.mgmtp.a12.tree-engine.core.models.marshaller isValidChildRelationshipConfigurations when given input = []" name="should return true" time="0"/>
<testcase classname="@com.mgmtp.a12.tree-engine.core.models.marshaller isValidChildRelationshipConfigurations when given input = [{&#x22;id&#x22;:&#x22;0&#x22;,&#x22;relationshipModelRef&#x22;:&#x22;TeamPerson&#x22;,&#x22;parentRole&#x22;:&#x22;Team&#x22;}]" name="should return true" time="0"/>
<testcase classname="@com.mgmtp.a12.tree-engine.core.models.marshaller isValidChildRelationshipConfigurations when given input = [{&#x22;id&#x22;:&#x22;0&#x22;,&#x22;relationshipModelRef&#x22;:&#x22;TeamPerson&#x22;,&#x22;parentRole&#x22;:&#x22;Team&#x22;,&#x22;columns&#x22;:[]}]" name="should return true" time="0"/>
<testcase classname="@com.mgmtp.a12.tree-engine.core.models.marshaller isValidChildRelationshipConfigurations when given input = [{&#x22;id&#x22;:&#x22;0&#x22;,&#x22;relationshipModelRef&#x22;:&#x22;TeamPerson&#x22;,&#x22;parentRole&#x22;:&#x22;Team&#x22;,&#x22;columns&#x22;:[{&#x22;columnRef&#x22;:&#x22;0&#x22;,&#x22;elementRef&#x22;:&#x22;F0&#x22;,&#x22;another&#x22;:&#x22;thing&#x22;}]}]" name="should return true" time="0"/>
<testcase classname="@com.mgmtp.a12.tree-engine.core.models.marshaller isValidChildRelationshipConfigurations when given input = [{&#x22;id&#x22;:&#x22;0&#x22;,&#x22;relationshipModelRef&#x22;:&#x22;TeamPerson&#x22;,&#x22;parentRole&#x22;:&#x22;Team&#x22;},{&#x22;id&#x22;:&#x22;1&#x22;,&#x22;relationshipModelRef&#x22;:&#x22;TeamPerson&#x22;,&#x22;parentRole&#x22;:&#x22;Team&#x22;}]" name="should return true" time="0"/>
<testcase classname="@com.mgmtp.a12.tree-engine.core.models.marshaller isValidChildRelationshipConfigurations when given input = {}" name="should throw an error" time="0.001"/>
<testcase classname="@com.mgmtp.a12.tree-engine.core.models.marshaller isValidChildRelationshipConfigurations when given input = [{&#x22;id&#x22;:&#x22;0&#x22;,&#x22;relationshipModelRef&#x22;:&#x22;TeamPerson&#x22;,&#x22;parentRole&#x22;:&#x22;Team&#x22;},{&#x22;id&#x22;:&#x22;0&#x22;,&#x22;relationshipModelRef&#x22;:&#x22;TeamTeam&#x22;,&#x22;parentRole&#x22;:&#x22;Parent&#x22;}]" name="should throw an error" time="0.001"/>
<testcase classname="@com.mgmtp.a12.tree-engine.core.models.marshaller isValidChildRelationshipConfigurations when given input = [{&#x22;id&#x22;:&#x22;0&#x22;,&#x22;relationshipModelRef&#x22;:&#x22;TeamPerson&#x22;}]" name="should throw an error" time="0"/>
<testcase classname="@com.mgmtp.a12.tree-engine.core.models.marshaller isValidChildRelationshipConfigurations when given input = [{&#x22;id&#x22;:&#x22;0&#x22;,&#x22;parentRole&#x22;:&#x22;Parent&#x22;}]" name="should throw an error" time="0"/>
<testcase classname="@com.mgmtp.a12.tree-engine.core.models.marshaller isValidChildRelationshipConfigurations when given input = [{&#x22;relationshipModelRef&#x22;:&#x22;TeamPerson&#x22;,&#x22;parentRole&#x22;:&#x22;Parent&#x22;}]" name="should throw an error" time="0"/>
<testcase classname="@com.mgmtp.a12.tree-engine.core.models.marshaller isValidChildRelationshipConfigurations when given input = [{&#x22;id&#x22;:&#x22;0&#x22;,&#x22;relationshipModelRef&#x22;:&#x22;TeamPerson&#x22;,&#x22;parentRole&#x22;:&#x22;Team&#x22;,&#x22;columns&#x22;:{}}]" name="should throw an error" time="0"/>
<testcase classname="@com.mgmtp.a12.tree-engine.core.models.marshaller isValidColumnsMapping when given input = []" name="should return true" time="0"/>
<testcase classname="@com.mgmtp.a12.tree-engine.core.models.marshaller isValidColumnsMapping when given input = [{&#x22;columnRef&#x22;:&#x22;0&#x22;,&#x22;elementRef&#x22;:&#x22;F0&#x22;}]" name="should return true" time="0"/>
<testcase classname="@com.mgmtp.a12.tree-engine.core.models.marshaller isValidColumnsMapping when given input = [{&#x22;columnRef&#x22;:&#x22;0&#x22;,&#x22;elementRef&#x22;:&#x22;F0&#x22;,&#x22;another&#x22;:&#x22;things&#x22;}]" name="should return true" time="0"/>
<testcase classname="@com.mgmtp.a12.tree-engine.core.models.marshaller isValidColumnsMapping when given input = [{&#x22;columnRef&#x22;:&#x22;0&#x22;,&#x22;elementRef&#x22;:&#x22;F0&#x22;},{&#x22;columnRef&#x22;:&#x22;0&#x22;,&#x22;elementRef&#x22;:&#x22;F0&#x22;},{&#x22;columnRef&#x22;:&#x22;0&#x22;,&#x22;elementRef&#x22;:&#x22;F0&#x22;}]" name="should return true" time="0"/>
<testcase classname="@com.mgmtp.a12.tree-engine.core.models.marshaller isValidColumnsMapping when given input = [{&#x22;columnRef&#x22;:&#x22;0&#x22;,&#x22;elementRef&#x22;:&#x22;F0&#x22;},{&#x22;columnRef&#x22;:&#x22;1&#x22;,&#x22;elementRef&#x22;:&#x22;F1&#x22;}]" name="should return true" time="0"/>
<testcase classname="@com.mgmtp.a12.tree-engine.core.models.marshaller isValidColumnsMapping when given input = [{}]" name="should return true" time="0"/>
<testcase classname="@com.mgmtp.a12.tree-engine.core.models.marshaller isValidColumnsMapping when given input = {}" name="should return false" time="0"/>
<testcase classname="@com.mgmtp.a12.tree-engine.core.models.marshaller isValidColumnsMapping when given input = {&#x22;columnRef&#x22;:&#x22;0&#x22;,&#x22;elementRef&#x22;:&#x22;F0&#x22;}" name="should return false" time="0"/>
<testcase classname="@com.mgmtp.a12.tree-engine.core.models.marshaller isValidColumnsMapping when given input = [{&#x22;columnRef&#x22;:&#x22;0&#x22;}]" name="should throw an error" time="0.001"/>
<testcase classname="@com.mgmtp.a12.tree-engine.core.models.marshaller isValidColumnsMapping when given input = [{&#x22;elementRef&#x22;:&#x22;F0&#x22;}]" name="should throw an error" time="0"/>
<testcase classname="@com.mgmtp.a12.tree-engine.core.models.marshaller isValidColumnsMapping when given input = [{&#x22;columnRef&#x22;:&#x22;0&#x22;,&#x22;elementRef&#x22;:&#x22;F0&#x22;},{}]" name="should throw an error" time="0.001"/>
<testcase classname="@com.mgmtp.a12.tree-engine.core.models.marshaller isValidButtonList when given input = []" name="should return true" time="0"/>
<testcase classname="@com.mgmtp.a12.tree-engine.core.models.marshaller isValidButtonList when given input = {}" name="should return true" time="0"/>
<testcase classname="@com.mgmtp.a12.tree-engine.core.models.marshaller isValidButtonList when given input = {}" name="should return true" time="0"/>
<testcase classname="@com.mgmtp.a12.tree-engine.core.models.marshaller isValidButtonList when given input = {&#x22;button&#x22;:[]}" name="should return true" time="0"/>
<testcase classname="@com.mgmtp.a12.tree-engine.core.models.marshaller isValidButtonList when given input = {&#x22;button&#x22;:[{&#x22;id&#x22;:&#x22;0&#x22;,&#x22;event&#x22;:&#x22;event_0&#x22;}]}" name="should return true" time="0"/>
<testcase classname="@com.mgmtp.a12.tree-engine.core.models.marshaller isValidButtonList when given input = {&#x22;button&#x22;:[{&#x22;id&#x22;:&#x22;0&#x22;,&#x22;event&#x22;:&#x22;event_0&#x22;},{&#x22;id&#x22;:&#x22;1&#x22;,&#x22;event&#x22;:&#x22;event_0&#x22;}]}" name="should return true" time="0"/>
<testcase classname="@com.mgmtp.a12.tree-engine.core.models.marshaller isValidButtonList when given input = {&#x22;button&#x22;:{}}" name="should throw an error" time="0"/>
<testcase classname="@com.mgmtp.a12.tree-engine.core.models.marshaller isValidButtonList when given input = {&#x22;button&#x22;:[{&#x22;id&#x22;:&#x22;0&#x22;,&#x22;event&#x22;:&#x22;event_0&#x22;},{&#x22;id&#x22;:&#x22;0&#x22;,&#x22;event&#x22;:&#x22;event_1&#x22;}]}" name="should throw an error" time="0"/>
<testcase classname="@com.mgmtp.a12.tree-engine.core.models.marshaller isValidButtonList when given input = {&#x22;button&#x22;:[{&#x22;id&#x22;:&#x22;0&#x22;,&#x22;event&#x22;:&#x22;event_0&#x22;},{&#x22;id&#x22;:&#x22;1&#x22;}]}" name="should throw an error" time="0"/>
<testcase classname="@com.mgmtp.a12.tree-engine.core.models.marshaller isValidButton when given input = {&#x22;id&#x22;:&#x22;&#x22;,&#x22;event&#x22;:&#x22;&#x22;}" name="should return true" time="0"/>
<testcase classname="@com.mgmtp.a12.tree-engine.core.models.marshaller isValidButton when given input = {&#x22;id&#x22;:&#x22;&#x22;,&#x22;event&#x22;:&#x22;&#x22;,&#x22;annotations&#x22;:[]}" name="should return true" time="0"/>
<testcase classname="@com.mgmtp.a12.tree-engine.core.models.marshaller isValidButton when given input = {&#x22;id&#x22;:&#x22;&#x22;,&#x22;event&#x22;:&#x22;&#x22;,&#x22;annotations&#x22;:[{&#x22;name&#x22;:&#x22;admin&#x22;}]}" name="should return true" time="0"/>
<testcase classname="@com.mgmtp.a12.tree-engine.core.models.marshaller isValidButton when given input = []" name="should throw an error" time="0"/>
<testcase classname="@com.mgmtp.a12.tree-engine.core.models.marshaller isValidButton when given input = {}" name="should throw an error" time="0"/>
<testcase classname="@com.mgmtp.a12.tree-engine.core.models.marshaller isValidButton when given input = {&#x22;id&#x22;:&#x22;&#x22;}" name="should throw an error" time="0"/>
<testcase classname="@com.mgmtp.a12.tree-engine.core.models.marshaller isValidButton when given input = {&#x22;event&#x22;:&#x22;&#x22;}" name="should throw an error" time="0"/>
<testcase classname="@com.mgmtp.a12.tree-engine.core.models.marshaller isValidButton when given input = {&#x22;id&#x22;:&#x22;&#x22;,&#x22;event&#x22;:&#x22;&#x22;,&#x22;annotations&#x22;:[{}]}" name="should throw an error" time="0"/>
<testcase classname="@com.mgmtp.a12.tree-engine.core.models.marshaller isValidNodeActionList when given input = []" name="should return true" time="0"/>
<testcase classname="@com.mgmtp.a12.tree-engine.core.models.marshaller isValidNodeActionList when given input = [{&#x22;type&#x22;:&#x22;&#x22;}]" name="should return true" time="0"/>
<testcase classname="@com.mgmtp.a12.tree-engine.core.models.marshaller isValidNodeActionList when given input = [{&#x22;type&#x22;:&#x22;event&#x22;},{&#x22;type&#x22;:&#x22;event&#x22;}]" name="should return true" time="0"/>
<testcase classname="@com.mgmtp.a12.tree-engine.core.models.marshaller isValidNodeActionList when given input = [{&#x22;type&#x22;:&#x22;event&#x22;},{&#x22;type&#x22;:&#x22;event&#x22;,&#x22;annotations&#x22;:[{&#x22;name&#x22;:&#x22;event&#x22;}]}]" name="should return true" time="0"/>
<testcase classname="@com.mgmtp.a12.tree-engine.core.models.marshaller isValidNodeActionList when given input = {}" name="should throw an error" time="0"/>
<testcase classname="@com.mgmtp.a12.tree-engine.core.models.marshaller isValidNodeActionList when given input = [{}]" name="should throw an error" time="0"/>
<testcase classname="@com.mgmtp.a12.tree-engine.core.models.marshaller isValidNodeActionList when given input = [{&#x22;type&#x22;:&#x22;&#x22;},{}]" name="should throw an error" time="0"/>
<testcase classname="@com.mgmtp.a12.tree-engine.core.models.marshaller isValidNodeAction when given input = {&#x22;type&#x22;:&#x22;&#x22;}" name="should return true" time="0"/>
<testcase classname="@com.mgmtp.a12.tree-engine.core.models.marshaller isValidNodeAction when given input = {&#x22;type&#x22;:&#x22;event&#x22;}" name="should return true" time="0"/>
<testcase classname="@com.mgmtp.a12.tree-engine.core.models.marshaller isValidNodeAction when given input = {&#x22;type&#x22;:&#x22;event&#x22;,&#x22;annotations&#x22;:[{&#x22;name&#x22;:&#x22;admin&#x22;}]}" name="should return true" time="0"/>
<testcase classname="@com.mgmtp.a12.tree-engine.core.models.marshaller isValidNodeAction when given input = {}" name="should throw an error" time="0"/>
<testcase classname="@com.mgmtp.a12.tree-engine.core.models.marshaller isValidNodeAction when given input = {&#x22;type&#x22;:&#x22;event&#x22;,&#x22;annotations&#x22;:[{}]}" name="should throw an error" time="0"/>
<testcase classname="@com.mgmtp.a12.tree-engine.core.models.marshaller isValidDefaultRowAction when given input = {&#x22;custom&#x22;:true,&#x22;event&#x22;:&#x22;add&#x22;}" name="should return true" time="0"/>
<testcase classname="@com.mgmtp.a12.tree-engine.core.models.marshaller isValidDefaultRowAction when given input = {}" name="should throw an error" time="0"/>
<testcase classname="@com.mgmtp.a12.tree-engine.core.models.marshaller isValidDefaultRowAction when given input = {&#x22;custom&#x22;:true,&#x22;event&#x22;:&#x22;&#x22;}" name="should throw an error" time="0"/>
<testcase classname="@com.mgmtp.a12.tree-engine.core.models.marshaller isValidDefaultRowAction when given input = {&#x22;custom&#x22;:false,&#x22;event&#x22;:&#x22;add&#x22;}" name="should throw an error" time="0"/>
<testcase classname="@com.mgmtp.a12.tree-engine.core.models.marshaller isValidDefaultRowAction when given input = {&#x22;event&#x22;:&#x22;add&#x22;}" name="should throw an error" time="0"/>
<testcase classname="@com.mgmtp.a12.tree-engine.core.models.marshaller isValidDefaultRowAction when given input = {&#x22;custom&#x22;:true}" name="should throw an error" time="0"/>
<testcase classname="@com.mgmtp.a12.tree-engine.core.models.marshaller isValidAnnotationList when given input = []" name="should return true" time="0"/>
<testcase classname="@com.mgmtp.a12.tree-engine.core.models.marshaller isValidAnnotationList when given input = [{&#x22;name&#x22;:&#x22;admin&#x22;}]" name="should return true" time="0"/>
<testcase classname="@com.mgmtp.a12.tree-engine.core.models.marshaller isValidAnnotationList when given input = [{&#x22;name&#x22;:&#x22;admin&#x22;},{&#x22;name&#x22;:&#x22;admin&#x22;}]" name="should return true" time="0"/>
<testcase classname="@com.mgmtp.a12.tree-engine.core.models.marshaller isValidAnnotationList when given input = [{&#x22;name&#x22;:&#x22;admin&#x22;},{&#x22;name&#x22;:&#x22;user&#x22;}]" name="should return true" time="0"/>
<testcase classname="@com.mgmtp.a12.tree-engine.core.models.marshaller isValidAnnotationList when given input = {}" name="should throw an error" time="0"/>
<testcase classname="@com.mgmtp.a12.tree-engine.core.models.marshaller isValidAnnotationList when given input = {&#x22;name&#x22;:&#x22;admin&#x22;}" name="should throw an error" time="0"/>
<testcase classname="@com.mgmtp.a12.tree-engine.core.models.marshaller isValidAnnotationList when given input = [{&#x22;Name&#x22;:&#x22;admin&#x22;}]" name="should throw an error" time="0"/>
<testcase classname="@com.mgmtp.a12.tree-engine.core.models.marshaller isValidAnnotationList when given input = [{&#x22;name&#x22;:&#x22;admin&#x22;},{&#x22;lang&#x22;:&#x22;en&#x22;}]" name="should throw an error" time="0"/>
<testcase classname="@com.mgmtp.a12.tree-engine.core.models.marshaller isValidAnnotation when given input = {&#x22;name&#x22;:&#x22;admin&#x22;}" name="should return true" time="0"/>
<testcase classname="@com.mgmtp.a12.tree-engine.core.models.marshaller isValidAnnotation when given input = {&#x22;role&#x22;:&#x22;Parent&#x22;,&#x22;name&#x22;:&#x22;admin&#x22;}" name="should return true" time="0"/>
<testcase classname="@com.mgmtp.a12.tree-engine.core.models.marshaller isValidAnnotation when given input = {}" name="should throw an error" time="0"/>
<testcase classname="@com.mgmtp.a12.tree-engine.core.models.marshaller isValidAnnotation when given input = []" name="should throw an error" time="0"/>
<testcase classname="@com.mgmtp.a12.tree-engine.core.models.marshaller isValidAnnotation when given input = {&#x22;Name&#x22;:&#x22;admin&#x22;}" name="should throw an error" time="0"/>
<testcase classname="@com.mgmtp.a12.tree-engine.core.models.marshaller isDistinctArray when given input = []" name="should return true" time="0"/>
<testcase classname="@com.mgmtp.a12.tree-engine.core.models.marshaller isDistinctArray when given input = [{&#x22;id&#x22;:&#x22;&#x22;}]" name="should return true" time="0"/>
<testcase classname="@com.mgmtp.a12.tree-engine.core.models.marshaller isDistinctArray when given input = [{&#x22;id&#x22;:&#x22;0&#x22;}]" name="should return true" time="0"/>
<testcase classname="@com.mgmtp.a12.tree-engine.core.models.marshaller isDistinctArray when given input = [{&#x22;id&#x22;:&#x22;0&#x22;},{&#x22;id&#x22;:&#x22;1&#x22;}]" name="should return true" time="0"/>
<testcase classname="@com.mgmtp.a12.tree-engine.core.models.marshaller isDistinctArray when given input = [{&#x22;id&#x22;:&#x22;&#x22;},{&#x22;id&#x22;:&#x22;&#x22;}]" name="should throw an error" time="0"/>
<testcase classname="@com.mgmtp.a12.tree-engine.core.models.marshaller isDistinctArray when given input = [{&#x22;id&#x22;:&#x22;2&#x22;},{&#x22;id&#x22;:&#x22;2&#x22;}]" name="should throw an error" time="0"/>
<testcase classname="@com.mgmtp.a12.tree-engine.core.models.utils.document-model-utils findById given a basic group whose structure is:
&#x9;&#x9;&#x9;&#x9;&#x9;&#x9;&#x9;G0
&#x9;&#x9;&#x9;&#x9;&#x9;&#x9;&#x9;| -- G1
&#x9;&#x9;&#x9;&#x9;&#x9;&#x9;&#x9;|    | -- G2
&#x9;&#x9;&#x9;&#x9;&#x9;&#x9;&#x9;|    |    | -- F3
&#x9;&#x9;&#x9;&#x9;&#x9;&#x9;&#x9;|    |
&#x9;&#x9;&#x9;&#x9;&#x9;&#x9;&#x9;|    | -- F4
&#x9;&#x9;&#x9;&#x9;&#x9;&#x9;&#x9;|
&#x9;&#x9;&#x9;&#x9;&#x9;&#x9;&#x9;| -- G5
&#x9;&#x9;&#x9;&#x9;&#x9;&#x9;&#x9;|    | -- F6
&#x9;&#x9;&#x9;&#x9;&#x9;&#x9;&#x9;|
&#x9;&#x9;&#x9;&#x9;&#x9;&#x9;&#x9;| -- F7 when id = 0" name="should return the Group has id = 0" time="0"/>
<testcase classname="@com.mgmtp.a12.tree-engine.core.models.utils.document-model-utils findById given a basic group whose structure is:
&#x9;&#x9;&#x9;&#x9;&#x9;&#x9;&#x9;G0
&#x9;&#x9;&#x9;&#x9;&#x9;&#x9;&#x9;| -- G1
&#x9;&#x9;&#x9;&#x9;&#x9;&#x9;&#x9;|    | -- G2
&#x9;&#x9;&#x9;&#x9;&#x9;&#x9;&#x9;|    |    | -- F3
&#x9;&#x9;&#x9;&#x9;&#x9;&#x9;&#x9;|    |
&#x9;&#x9;&#x9;&#x9;&#x9;&#x9;&#x9;|    | -- F4
&#x9;&#x9;&#x9;&#x9;&#x9;&#x9;&#x9;|
&#x9;&#x9;&#x9;&#x9;&#x9;&#x9;&#x9;| -- G5
&#x9;&#x9;&#x9;&#x9;&#x9;&#x9;&#x9;|    | -- F6
&#x9;&#x9;&#x9;&#x9;&#x9;&#x9;&#x9;|
&#x9;&#x9;&#x9;&#x9;&#x9;&#x9;&#x9;| -- F7 when id = 1" name="should return the Group has id = 1" time="0"/>
<testcase classname="@com.mgmtp.a12.tree-engine.core.models.utils.document-model-utils findById given a basic group whose structure is:
&#x9;&#x9;&#x9;&#x9;&#x9;&#x9;&#x9;G0
&#x9;&#x9;&#x9;&#x9;&#x9;&#x9;&#x9;| -- G1
&#x9;&#x9;&#x9;&#x9;&#x9;&#x9;&#x9;|    | -- G2
&#x9;&#x9;&#x9;&#x9;&#x9;&#x9;&#x9;|    |    | -- F3
&#x9;&#x9;&#x9;&#x9;&#x9;&#x9;&#x9;|    |
&#x9;&#x9;&#x9;&#x9;&#x9;&#x9;&#x9;|    | -- F4
&#x9;&#x9;&#x9;&#x9;&#x9;&#x9;&#x9;|
&#x9;&#x9;&#x9;&#x9;&#x9;&#x9;&#x9;| -- G5
&#x9;&#x9;&#x9;&#x9;&#x9;&#x9;&#x9;|    | -- F6
&#x9;&#x9;&#x9;&#x9;&#x9;&#x9;&#x9;|
&#x9;&#x9;&#x9;&#x9;&#x9;&#x9;&#x9;| -- F7 when id = 2" name="should return the Group has id = 2" time="0"/>
<testcase classname="@com.mgmtp.a12.tree-engine.core.models.utils.document-model-utils findById given a basic group whose structure is:
&#x9;&#x9;&#x9;&#x9;&#x9;&#x9;&#x9;G0
&#x9;&#x9;&#x9;&#x9;&#x9;&#x9;&#x9;| -- G1
&#x9;&#x9;&#x9;&#x9;&#x9;&#x9;&#x9;|    | -- G2
&#x9;&#x9;&#x9;&#x9;&#x9;&#x9;&#x9;|    |    | -- F3
&#x9;&#x9;&#x9;&#x9;&#x9;&#x9;&#x9;|    |
&#x9;&#x9;&#x9;&#x9;&#x9;&#x9;&#x9;|    | -- F4
&#x9;&#x9;&#x9;&#x9;&#x9;&#x9;&#x9;|
&#x9;&#x9;&#x9;&#x9;&#x9;&#x9;&#x9;| -- G5
&#x9;&#x9;&#x9;&#x9;&#x9;&#x9;&#x9;|    | -- F6
&#x9;&#x9;&#x9;&#x9;&#x9;&#x9;&#x9;|
&#x9;&#x9;&#x9;&#x9;&#x9;&#x9;&#x9;| -- F7 when id = 3" name="should return the Field has id = 3" time="0"/>
<testcase classname="@com.mgmtp.a12.tree-engine.core.models.utils.document-model-utils findById given a basic group whose structure is:
&#x9;&#x9;&#x9;&#x9;&#x9;&#x9;&#x9;G0
&#x9;&#x9;&#x9;&#x9;&#x9;&#x9;&#x9;| -- G1
&#x9;&#x9;&#x9;&#x9;&#x9;&#x9;&#x9;|    | -- G2
&#x9;&#x9;&#x9;&#x9;&#x9;&#x9;&#x9;|    |    | -- F3
&#x9;&#x9;&#x9;&#x9;&#x9;&#x9;&#x9;|    |
&#x9;&#x9;&#x9;&#x9;&#x9;&#x9;&#x9;|    | -- F4
&#x9;&#x9;&#x9;&#x9;&#x9;&#x9;&#x9;|
&#x9;&#x9;&#x9;&#x9;&#x9;&#x9;&#x9;| -- G5
&#x9;&#x9;&#x9;&#x9;&#x9;&#x9;&#x9;|    | -- F6
&#x9;&#x9;&#x9;&#x9;&#x9;&#x9;&#x9;|
&#x9;&#x9;&#x9;&#x9;&#x9;&#x9;&#x9;| -- F7 when id = 4" name="should return the Field has id = 4" time="0"/>
<testcase classname="@com.mgmtp.a12.tree-engine.core.models.utils.document-model-utils findById given a basic group whose structure is:
&#x9;&#x9;&#x9;&#x9;&#x9;&#x9;&#x9;G0
&#x9;&#x9;&#x9;&#x9;&#x9;&#x9;&#x9;| -- G1
&#x9;&#x9;&#x9;&#x9;&#x9;&#x9;&#x9;|    | -- G2
&#x9;&#x9;&#x9;&#x9;&#x9;&#x9;&#x9;|    |    | -- F3
&#x9;&#x9;&#x9;&#x9;&#x9;&#x9;&#x9;|    |
&#x9;&#x9;&#x9;&#x9;&#x9;&#x9;&#x9;|    | -- F4
&#x9;&#x9;&#x9;&#x9;&#x9;&#x9;&#x9;|
&#x9;&#x9;&#x9;&#x9;&#x9;&#x9;&#x9;| -- G5
&#x9;&#x9;&#x9;&#x9;&#x9;&#x9;&#x9;|    | -- F6
&#x9;&#x9;&#x9;&#x9;&#x9;&#x9;&#x9;|
&#x9;&#x9;&#x9;&#x9;&#x9;&#x9;&#x9;| -- F7 when id = 5" name="should return the Group has id = 5" time="0"/>
<testcase classname="@com.mgmtp.a12.tree-engine.core.models.utils.document-model-utils findById given a basic group whose structure is:
&#x9;&#x9;&#x9;&#x9;&#x9;&#x9;&#x9;G0
&#x9;&#x9;&#x9;&#x9;&#x9;&#x9;&#x9;| -- G1
&#x9;&#x9;&#x9;&#x9;&#x9;&#x9;&#x9;|    | -- G2
&#x9;&#x9;&#x9;&#x9;&#x9;&#x9;&#x9;|    |    | -- F3
&#x9;&#x9;&#x9;&#x9;&#x9;&#x9;&#x9;|    |
&#x9;&#x9;&#x9;&#x9;&#x9;&#x9;&#x9;|    | -- F4
&#x9;&#x9;&#x9;&#x9;&#x9;&#x9;&#x9;|
&#x9;&#x9;&#x9;&#x9;&#x9;&#x9;&#x9;| -- G5
&#x9;&#x9;&#x9;&#x9;&#x9;&#x9;&#x9;|    | -- F6
&#x9;&#x9;&#x9;&#x9;&#x9;&#x9;&#x9;|
&#x9;&#x9;&#x9;&#x9;&#x9;&#x9;&#x9;| -- F7 when id = 6" name="should return the Field has id = 6" time="0"/>
<testcase classname="@com.mgmtp.a12.tree-engine.core.models.utils.document-model-utils findById given a basic group whose structure is:
&#x9;&#x9;&#x9;&#x9;&#x9;&#x9;&#x9;G0
&#x9;&#x9;&#x9;&#x9;&#x9;&#x9;&#x9;| -- G1
&#x9;&#x9;&#x9;&#x9;&#x9;&#x9;&#x9;|    | -- G2
&#x9;&#x9;&#x9;&#x9;&#x9;&#x9;&#x9;|    |    | -- F3
&#x9;&#x9;&#x9;&#x9;&#x9;&#x9;&#x9;|    |
&#x9;&#x9;&#x9;&#x9;&#x9;&#x9;&#x9;|    | -- F4
&#x9;&#x9;&#x9;&#x9;&#x9;&#x9;&#x9;|
&#x9;&#x9;&#x9;&#x9;&#x9;&#x9;&#x9;| -- G5
&#x9;&#x9;&#x9;&#x9;&#x9;&#x9;&#x9;|    | -- F6
&#x9;&#x9;&#x9;&#x9;&#x9;&#x9;&#x9;|
&#x9;&#x9;&#x9;&#x9;&#x9;&#x9;&#x9;| -- F7 when id = 7" name="should return the Field has id = 7" time="0"/>
<testcase classname="@com.mgmtp.a12.tree-engine.core.models.utils.document-model-utils findById given a basic group whose structure is:
&#x9;&#x9;&#x9;&#x9;&#x9;&#x9;&#x9;G0
&#x9;&#x9;&#x9;&#x9;&#x9;&#x9;&#x9;| -- G1
&#x9;&#x9;&#x9;&#x9;&#x9;&#x9;&#x9;|    | -- G2
&#x9;&#x9;&#x9;&#x9;&#x9;&#x9;&#x9;|    |    | -- F3
&#x9;&#x9;&#x9;&#x9;&#x9;&#x9;&#x9;|    |
&#x9;&#x9;&#x9;&#x9;&#x9;&#x9;&#x9;|    | -- F4
&#x9;&#x9;&#x9;&#x9;&#x9;&#x9;&#x9;|
&#x9;&#x9;&#x9;&#x9;&#x9;&#x9;&#x9;| -- G5
&#x9;&#x9;&#x9;&#x9;&#x9;&#x9;&#x9;|    | -- F6
&#x9;&#x9;&#x9;&#x9;&#x9;&#x9;&#x9;|
&#x9;&#x9;&#x9;&#x9;&#x9;&#x9;&#x9;| -- F7 when id = 8" name="should return undefined" time="0"/>
<testcase classname="@com.mgmtp.a12.tree-engine.core.models.utils.document-model-utils findByPath given a basic group whose structure is:
&#x9;&#x9;&#x9;&#x9;&#x9;&#x9;&#x9;G0
&#x9;&#x9;&#x9;&#x9;&#x9;&#x9;&#x9;| -- G1
&#x9;&#x9;&#x9;&#x9;&#x9;&#x9;&#x9;|    | -- G2
&#x9;&#x9;&#x9;&#x9;&#x9;&#x9;&#x9;|    |    | -- F3
&#x9;&#x9;&#x9;&#x9;&#x9;&#x9;&#x9;|    |
&#x9;&#x9;&#x9;&#x9;&#x9;&#x9;&#x9;|    | -- F4
&#x9;&#x9;&#x9;&#x9;&#x9;&#x9;&#x9;|
&#x9;&#x9;&#x9;&#x9;&#x9;&#x9;&#x9;| -- G5
&#x9;&#x9;&#x9;&#x9;&#x9;&#x9;&#x9;|    | -- F6
&#x9;&#x9;&#x9;&#x9;&#x9;&#x9;&#x9;|
&#x9;&#x9;&#x9;&#x9;&#x9;&#x9;&#x9;| -- F7 when path = &#x27;/&#x27;" name="should return the Group which has id = 0" time="0"/>
<testcase classname="@com.mgmtp.a12.tree-engine.core.models.utils.document-model-utils findByPath given a basic group whose structure is:
&#x9;&#x9;&#x9;&#x9;&#x9;&#x9;&#x9;G0
&#x9;&#x9;&#x9;&#x9;&#x9;&#x9;&#x9;| -- G1
&#x9;&#x9;&#x9;&#x9;&#x9;&#x9;&#x9;|    | -- G2
&#x9;&#x9;&#x9;&#x9;&#x9;&#x9;&#x9;|    |    | -- F3
&#x9;&#x9;&#x9;&#x9;&#x9;&#x9;&#x9;|    |
&#x9;&#x9;&#x9;&#x9;&#x9;&#x9;&#x9;|    | -- F4
&#x9;&#x9;&#x9;&#x9;&#x9;&#x9;&#x9;|
&#x9;&#x9;&#x9;&#x9;&#x9;&#x9;&#x9;| -- G5
&#x9;&#x9;&#x9;&#x9;&#x9;&#x9;&#x9;|    | -- F6
&#x9;&#x9;&#x9;&#x9;&#x9;&#x9;&#x9;|
&#x9;&#x9;&#x9;&#x9;&#x9;&#x9;&#x9;| -- F7 when path = &#x27;/G1&#x27;" name="should return the Group which has id = 1" time="0"/>
<testcase classname="@com.mgmtp.a12.tree-engine.core.models.utils.document-model-utils findByPath given a basic group whose structure is:
&#x9;&#x9;&#x9;&#x9;&#x9;&#x9;&#x9;G0
&#x9;&#x9;&#x9;&#x9;&#x9;&#x9;&#x9;| -- G1
&#x9;&#x9;&#x9;&#x9;&#x9;&#x9;&#x9;|    | -- G2
&#x9;&#x9;&#x9;&#x9;&#x9;&#x9;&#x9;|    |    | -- F3
&#x9;&#x9;&#x9;&#x9;&#x9;&#x9;&#x9;|    |
&#x9;&#x9;&#x9;&#x9;&#x9;&#x9;&#x9;|    | -- F4
&#x9;&#x9;&#x9;&#x9;&#x9;&#x9;&#x9;|
&#x9;&#x9;&#x9;&#x9;&#x9;&#x9;&#x9;| -- G5
&#x9;&#x9;&#x9;&#x9;&#x9;&#x9;&#x9;|    | -- F6
&#x9;&#x9;&#x9;&#x9;&#x9;&#x9;&#x9;|
&#x9;&#x9;&#x9;&#x9;&#x9;&#x9;&#x9;| -- F7 when path = &#x27;/G1/G2&#x27;" name="should return the Group which has id = 2" time="0"/>
<testcase classname="@com.mgmtp.a12.tree-engine.core.models.utils.document-model-utils findByPath given a basic group whose structure is:
&#x9;&#x9;&#x9;&#x9;&#x9;&#x9;&#x9;G0
&#x9;&#x9;&#x9;&#x9;&#x9;&#x9;&#x9;| -- G1
&#x9;&#x9;&#x9;&#x9;&#x9;&#x9;&#x9;|    | -- G2
&#x9;&#x9;&#x9;&#x9;&#x9;&#x9;&#x9;|    |    | -- F3
&#x9;&#x9;&#x9;&#x9;&#x9;&#x9;&#x9;|    |
&#x9;&#x9;&#x9;&#x9;&#x9;&#x9;&#x9;|    | -- F4
&#x9;&#x9;&#x9;&#x9;&#x9;&#x9;&#x9;|
&#x9;&#x9;&#x9;&#x9;&#x9;&#x9;&#x9;| -- G5
&#x9;&#x9;&#x9;&#x9;&#x9;&#x9;&#x9;|    | -- F6
&#x9;&#x9;&#x9;&#x9;&#x9;&#x9;&#x9;|
&#x9;&#x9;&#x9;&#x9;&#x9;&#x9;&#x9;| -- F7 when path = &#x27;/G1/G2/F3&#x27;" name="should return the Field which has id = 3" time="0"/>
<testcase classname="@com.mgmtp.a12.tree-engine.core.models.utils.document-model-utils findByPath given a basic group whose structure is:
&#x9;&#x9;&#x9;&#x9;&#x9;&#x9;&#x9;G0
&#x9;&#x9;&#x9;&#x9;&#x9;&#x9;&#x9;| -- G1
&#x9;&#x9;&#x9;&#x9;&#x9;&#x9;&#x9;|    | -- G2
&#x9;&#x9;&#x9;&#x9;&#x9;&#x9;&#x9;|    |    | -- F3
&#x9;&#x9;&#x9;&#x9;&#x9;&#x9;&#x9;|    |
&#x9;&#x9;&#x9;&#x9;&#x9;&#x9;&#x9;|    | -- F4
&#x9;&#x9;&#x9;&#x9;&#x9;&#x9;&#x9;|
&#x9;&#x9;&#x9;&#x9;&#x9;&#x9;&#x9;| -- G5
&#x9;&#x9;&#x9;&#x9;&#x9;&#x9;&#x9;|    | -- F6
&#x9;&#x9;&#x9;&#x9;&#x9;&#x9;&#x9;|
&#x9;&#x9;&#x9;&#x9;&#x9;&#x9;&#x9;| -- F7 when path = &#x27;/G1/F4&#x27;" name="should return the Field which has id = 4" time="0"/>
<testcase classname="@com.mgmtp.a12.tree-engine.core.models.utils.document-model-utils findByPath given a basic group whose structure is:
&#x9;&#x9;&#x9;&#x9;&#x9;&#x9;&#x9;G0
&#x9;&#x9;&#x9;&#x9;&#x9;&#x9;&#x9;| -- G1
&#x9;&#x9;&#x9;&#x9;&#x9;&#x9;&#x9;|    | -- G2
&#x9;&#x9;&#x9;&#x9;&#x9;&#x9;&#x9;|    |    | -- F3
&#x9;&#x9;&#x9;&#x9;&#x9;&#x9;&#x9;|    |
&#x9;&#x9;&#x9;&#x9;&#x9;&#x9;&#x9;|    | -- F4
&#x9;&#x9;&#x9;&#x9;&#x9;&#x9;&#x9;|
&#x9;&#x9;&#x9;&#x9;&#x9;&#x9;&#x9;| -- G5
&#x9;&#x9;&#x9;&#x9;&#x9;&#x9;&#x9;|    | -- F6
&#x9;&#x9;&#x9;&#x9;&#x9;&#x9;&#x9;|
&#x9;&#x9;&#x9;&#x9;&#x9;&#x9;&#x9;| -- F7 when path = &#x27;/G5&#x27;" name="should return the Group which has id = 5" time="0"/>
<testcase classname="@com.mgmtp.a12.tree-engine.core.models.utils.document-model-utils findByPath given a basic group whose structure is:
&#x9;&#x9;&#x9;&#x9;&#x9;&#x9;&#x9;G0
&#x9;&#x9;&#x9;&#x9;&#x9;&#x9;&#x9;| -- G1
&#x9;&#x9;&#x9;&#x9;&#x9;&#x9;&#x9;|    | -- G2
&#x9;&#x9;&#x9;&#x9;&#x9;&#x9;&#x9;|    |    | -- F3
&#x9;&#x9;&#x9;&#x9;&#x9;&#x9;&#x9;|    |
&#x9;&#x9;&#x9;&#x9;&#x9;&#x9;&#x9;|    | -- F4
&#x9;&#x9;&#x9;&#x9;&#x9;&#x9;&#x9;|
&#x9;&#x9;&#x9;&#x9;&#x9;&#x9;&#x9;| -- G5
&#x9;&#x9;&#x9;&#x9;&#x9;&#x9;&#x9;|    | -- F6
&#x9;&#x9;&#x9;&#x9;&#x9;&#x9;&#x9;|
&#x9;&#x9;&#x9;&#x9;&#x9;&#x9;&#x9;| -- F7 when path = &#x27;/G5/F6&#x27;" name="should return the Field which has id = 6" time="0.001"/>
<testcase classname="@com.mgmtp.a12.tree-engine.core.models.utils.document-model-utils findByPath given a basic group whose structure is:
&#x9;&#x9;&#x9;&#x9;&#x9;&#x9;&#x9;G0
&#x9;&#x9;&#x9;&#x9;&#x9;&#x9;&#x9;| -- G1
&#x9;&#x9;&#x9;&#x9;&#x9;&#x9;&#x9;|    | -- G2
&#x9;&#x9;&#x9;&#x9;&#x9;&#x9;&#x9;|    |    | -- F3
&#x9;&#x9;&#x9;&#x9;&#x9;&#x9;&#x9;|    |
&#x9;&#x9;&#x9;&#x9;&#x9;&#x9;&#x9;|    | -- F4
&#x9;&#x9;&#x9;&#x9;&#x9;&#x9;&#x9;|
&#x9;&#x9;&#x9;&#x9;&#x9;&#x9;&#x9;| -- G5
&#x9;&#x9;&#x9;&#x9;&#x9;&#x9;&#x9;|    | -- F6
&#x9;&#x9;&#x9;&#x9;&#x9;&#x9;&#x9;|
&#x9;&#x9;&#x9;&#x9;&#x9;&#x9;&#x9;| -- F7 when path = &#x27;/F7&#x27;" name="should return the Field which has id = 7" time="0"/>
<testcase classname="@com.mgmtp.a12.tree-engine.core.models.utils.document-model-utils findByPath given a basic group whose structure is:
&#x9;&#x9;&#x9;&#x9;&#x9;&#x9;&#x9;G0
&#x9;&#x9;&#x9;&#x9;&#x9;&#x9;&#x9;| -- G1
&#x9;&#x9;&#x9;&#x9;&#x9;&#x9;&#x9;|    | -- G2
&#x9;&#x9;&#x9;&#x9;&#x9;&#x9;&#x9;|    |    | -- F3
&#x9;&#x9;&#x9;&#x9;&#x9;&#x9;&#x9;|    |
&#x9;&#x9;&#x9;&#x9;&#x9;&#x9;&#x9;|    | -- F4
&#x9;&#x9;&#x9;&#x9;&#x9;&#x9;&#x9;|
&#x9;&#x9;&#x9;&#x9;&#x9;&#x9;&#x9;| -- G5
&#x9;&#x9;&#x9;&#x9;&#x9;&#x9;&#x9;|    | -- F6
&#x9;&#x9;&#x9;&#x9;&#x9;&#x9;&#x9;|
&#x9;&#x9;&#x9;&#x9;&#x9;&#x9;&#x9;| -- F7 when path = &#x27;/G5/F8&#x27;" name="should throw an error" time="0.001"/>
<testcase classname="@com.mgmtp.a12.tree-engine.core.models.utils.document-model-utils findByPath given a basic group whose structure is:
&#x9;&#x9;&#x9;&#x9;&#x9;&#x9;&#x9;G0
&#x9;&#x9;&#x9;&#x9;&#x9;&#x9;&#x9;| -- G1
&#x9;&#x9;&#x9;&#x9;&#x9;&#x9;&#x9;|    | -- G2
&#x9;&#x9;&#x9;&#x9;&#x9;&#x9;&#x9;|    |    | -- F3
&#x9;&#x9;&#x9;&#x9;&#x9;&#x9;&#x9;|    |
&#x9;&#x9;&#x9;&#x9;&#x9;&#x9;&#x9;|    | -- F4
&#x9;&#x9;&#x9;&#x9;&#x9;&#x9;&#x9;|
&#x9;&#x9;&#x9;&#x9;&#x9;&#x9;&#x9;| -- G5
&#x9;&#x9;&#x9;&#x9;&#x9;&#x9;&#x9;|    | -- F6
&#x9;&#x9;&#x9;&#x9;&#x9;&#x9;&#x9;|
&#x9;&#x9;&#x9;&#x9;&#x9;&#x9;&#x9;| -- F7 when path = &#x27;/G5/F6/F4&#x27;" name="should throw an error" time="0"/>
<testcase classname="@com.mgmtp.a12.tree-engine.core.models.utils.document-model-utils isAttachment when given a field" name="should return false" time="0"/>
<testcase classname="@com.mgmtp.a12.tree-engine.core.models.utils.document-model-utils isAttachment when given a normal group" name="should return false" time="0"/>
<testcase classname="@com.mgmtp.a12.tree-engine.core.models.utils.document-model-utils isAttachment when given a attachment group" name="should return true" time="0"/>
<testcase classname="@com.mgmtp.a12.tree-engine.core.models.utils.document-model-utils isMultiSelect when given a field" name="should return false" time="0"/>
<testcase classname="@com.mgmtp.a12.tree-engine.core.models.utils.document-model-utils isMultiSelect when given a normal group" name="should return false" time="0"/>
<testcase classname="@com.mgmtp.a12.tree-engine.core.models.utils.document-model-utils isMultiSelect when given a group has usageType = &#x27;multi-select&#x27;, but no child is EnumerationType field and has name &#x27;value&#x27;" name="should return false" time="0"/>
<testcase classname="@com.mgmtp.a12.tree-engine.core.models.utils.document-model-utils isMultiSelect when given a group has usageType = &#x27;multi-select&#x27;, and contains a EnumerationType field child has name &#x27;value&#x27;" name="should return true" time="0"/>
<testcase classname="@com.mgmtp.a12.tree-engine.core.models.utils.document-utils DocumentPath equal when p1 = [], p2 = []" name="should return true" time="0"/>
<testcase classname="@com.mgmtp.a12.tree-engine.core.models.utils.document-utils DocumentPath equal when p1 = [{&#x22;elementName&#x22;:&#x22;A&#x22;,&#x22;index&#x22;:1}], p2 = []" name="should return false" time="0"/>
<testcase classname="@com.mgmtp.a12.tree-engine.core.models.utils.document-utils DocumentPath equal when p1 = [{&#x22;elementName&#x22;:&#x22;A&#x22;,&#x22;index&#x22;:1}], p2 = [{&#x22;elementName&#x22;:&#x22;A&#x22;,&#x22;index&#x22;:0}]" name="should return false" time="0"/>
<testcase classname="@com.mgmtp.a12.tree-engine.core.models.utils.document-utils DocumentPath equal when p1 = [{&#x22;elementName&#x22;:&#x22;A&#x22;,&#x22;index&#x22;:1}], p2 = [{&#x22;elementName&#x22;:&#x22;a&#x22;,&#x22;index&#x22;:1}]" name="should return false" time="0"/>
<testcase classname="@com.mgmtp.a12.tree-engine.core.models.utils.document-utils DocumentPath equal when p1 = [{&#x22;elementName&#x22;:&#x22;A&#x22;,&#x22;index&#x22;:1}], p2 = [{&#x22;elementName&#x22;:&#x22;A&#x22;,&#x22;index&#x22;:1}]" name="should return true" time="0"/>
<testcase classname="@com.mgmtp.a12.tree-engine.core.models.utils.document-utils DocumentPath equal when p1 = [{&#x22;elementName&#x22;:&#x22;A&#x22;,&#x22;index&#x22;:1},{&#x22;elementName&#x22;:&#x22;B&#x22;,&#x22;index&#x22;:2}], p2 = [{&#x22;elementName&#x22;:&#x22;A&#x22;,&#x22;index&#x22;:1}]" name="should return false" time="0"/>
<testcase classname="@com.mgmtp.a12.tree-engine.core.models.utils.document-utils DocumentPath equal when p1 = [{&#x22;elementName&#x22;:&#x22;A&#x22;,&#x22;index&#x22;:1},{&#x22;elementName&#x22;:&#x22;B&#x22;,&#x22;index&#x22;:2}], p2 = [{&#x22;elementName&#x22;:&#x22;B&#x22;,&#x22;index&#x22;:2},{&#x22;elementName&#x22;:&#x22;A&#x22;,&#x22;index&#x22;:1}]" name="should return false" time="0"/>
<testcase classname="@com.mgmtp.a12.tree-engine.core.models.utils.document-utils DocumentPath equal when p1 = [{&#x22;elementName&#x22;:&#x22;A&#x22;,&#x22;index&#x22;:1},{&#x22;elementName&#x22;:&#x22;B&#x22;,&#x22;index&#x22;:2}], p2 = [{&#x22;elementName&#x22;:&#x22;A&#x22;,&#x22;index&#x22;:1},{&#x22;elementName&#x22;:&#x22;B&#x22;,&#x22;index&#x22;:2}]" name="should return true" time="0"/>
<testcase classname="@com.mgmtp.a12.tree-engine.core.models.utils.document-utils DocumentPath fromString when input = /" name="should return []" time="0"/>
<testcase classname="@com.mgmtp.a12.tree-engine.core.models.utils.document-utils DocumentPath fromString when input = " name="should return []" time="0"/>
<testcase classname="@com.mgmtp.a12.tree-engine.core.models.utils.document-utils DocumentPath fromString when input = /[0]/[1]" name="should return [{&#x22;elementName&#x22;:&#x22;&#x22;,&#x22;index&#x22;:0},{&#x22;elementName&#x22;:&#x22;&#x22;,&#x22;index&#x22;:1}]" time="0"/>
<testcase classname="@com.mgmtp.a12.tree-engine.core.models.utils.document-utils DocumentPath fromString when input = 1[2]" name="should return [{&#x22;elementName&#x22;:&#x22;1&#x22;,&#x22;index&#x22;:2}]" time="0"/>
<testcase classname="@com.mgmtp.a12.tree-engine.core.models.utils.document-utils DocumentPath fromString when input = 1_2[3]" name="should return [{&#x22;elementName&#x22;:&#x22;1_2&#x22;,&#x22;index&#x22;:3}]" time="0"/>
<testcase classname="@com.mgmtp.a12.tree-engine.core.models.utils.document-utils DocumentPath fromString when input = 1-2[3]" name="should return [{&#x22;elementName&#x22;:&#x22;1-2&#x22;,&#x22;index&#x22;:3}]" time="0"/>
<testcase classname="@com.mgmtp.a12.tree-engine.core.models.utils.document-utils DocumentPath fromString when input = /A[0]" name="should return [{&#x22;elementName&#x22;:&#x22;A&#x22;,&#x22;index&#x22;:0}]" time="0"/>
<testcase classname="@com.mgmtp.a12.tree-engine.core.models.utils.document-utils DocumentPath fromString when input = A[0]" name="should return [{&#x22;elementName&#x22;:&#x22;A&#x22;,&#x22;index&#x22;:0}]" time="0"/>
<testcase classname="@com.mgmtp.a12.tree-engine.core.models.utils.document-utils DocumentPath fromString when input = /A[0]/B[1]" name="should return [{&#x22;elementName&#x22;:&#x22;A&#x22;,&#x22;index&#x22;:0},{&#x22;elementName&#x22;:&#x22;B&#x22;,&#x22;index&#x22;:1}]" time="0"/>
<testcase classname="@com.mgmtp.a12.tree-engine.core.models.utils.document-utils DocumentPath fromString when input = A[0]/B[1]" name="should return [{&#x22;elementName&#x22;:&#x22;A&#x22;,&#x22;index&#x22;:0},{&#x22;elementName&#x22;:&#x22;B&#x22;,&#x22;index&#x22;:1}]" time="0"/>
<testcase classname="@com.mgmtp.a12.tree-engine.core.models.utils.document-utils DocumentPath toString when input = []" name="should return /" time="0"/>
<testcase classname="@com.mgmtp.a12.tree-engine.core.models.utils.document-utils DocumentPath toString when input = [{&#x22;elementName&#x22;:&#x22;&#x22;,&#x22;index&#x22;:0}]" name="should return /[0]" time="0"/>
<testcase classname="@com.mgmtp.a12.tree-engine.core.models.utils.document-utils DocumentPath toString when input = [{&#x22;elementName&#x22;:&#x22;&#x22;,&#x22;index&#x22;:0},{&#x22;elementName&#x22;:&#x22;&#x22;,&#x22;index&#x22;:1}]" name="should return /[0]/[1]" time="0"/>
<testcase classname="@com.mgmtp.a12.tree-engine.core.models.utils.document-utils DocumentPath toString when input = [{&#x22;elementName&#x22;:&#x22;A&#x22;,&#x22;index&#x22;:0}]" name="should return /A[0]" time="0"/>
<testcase classname="@com.mgmtp.a12.tree-engine.core.models.utils.document-utils DocumentPath toString when input = [{&#x22;elementName&#x22;:&#x22;A&#x22;,&#x22;index&#x22;:0},{&#x22;elementName&#x22;:&#x22;B&#x22;,&#x22;index&#x22;:1},{&#x22;elementName&#x22;:&#x22;C&#x22;,&#x22;index&#x22;:2}]" name="should return /A[0]/B[1]/C[2]" time="0"/>
<testcase classname="@com.mgmtp.a12.tree-engine.core.models.utils.document-utils DocumentUtils when given path = &#x22;&#x22;" name="should return {&#x22;a&#x22;:[],&#x22;b&#x22;:{},&#x22;c&#x22;:[{&#x22;c1&#x22;:0},{&#x22;c2&#x22;:&#x22;x&#x22;},null],&#x22;d&#x22;:{&#x22;d1&#x22;:1,&#x22;d2&#x22;:&#x22;y&#x22;,&#x22;d4&#x22;:null},&#x22;e&#x22;:-2,&#x22;f&#x22;:&#x22;z&#x22;,&#x22;g&#x22;:true,&#x22;h&#x22;:false,&#x22;i&#x22;:&#x22;2019-12-31T17:00:00.000Z&#x22;,&#x22;j&#x22;:null}" time="0"/>
<testcase classname="@com.mgmtp.a12.tree-engine.core.models.utils.document-utils DocumentUtils when given path = &#x22;a[0]&#x22;" name="should return []" time="0"/>
<testcase classname="@com.mgmtp.a12.tree-engine.core.models.utils.document-utils DocumentUtils when given path = &#x22;a[99]&#x22;" name="should return []" time="0"/>
<testcase classname="@com.mgmtp.a12.tree-engine.core.models.utils.document-utils DocumentUtils when given path = &#x22;b[0]&#x22;" name="should return {}" time="0"/>
<testcase classname="@com.mgmtp.a12.tree-engine.core.models.utils.document-utils DocumentUtils when given path = &#x22;b[99]&#x22;" name="should return {}" time="0.001"/>
<testcase classname="@com.mgmtp.a12.tree-engine.core.models.utils.document-utils DocumentUtils when given path = &#x22;c[0]&#x22;" name="should return [{&#x22;c1&#x22;:0},{&#x22;c2&#x22;:&#x22;x&#x22;},null]" time="0"/>
<testcase classname="@com.mgmtp.a12.tree-engine.core.models.utils.document-utils DocumentUtils when given path = &#x22;c[1]/c1[0]&#x22;" name="should return 0" time="0"/>
<testcase classname="@com.mgmtp.a12.tree-engine.core.models.utils.document-utils DocumentUtils when given path = &#x22;c[1]/c1[99]&#x22;" name="should return 0" time="0"/>
<testcase classname="@com.mgmtp.a12.tree-engine.core.models.utils.document-utils DocumentUtils when given path = &#x22;c[2]/c2[0]&#x22;" name="should return &#x22;x&#x22;" time="0"/>
<testcase classname="@com.mgmtp.a12.tree-engine.core.models.utils.document-utils DocumentUtils when given path = &#x22;c[2]/c2[99]&#x22;" name="should return &#x22;x&#x22;" time="0"/>
<testcase classname="@com.mgmtp.a12.tree-engine.core.models.utils.document-utils DocumentUtils when given path = &#x22;c[3]&#x22;" name="should return [{&#x22;c1&#x22;:0},{&#x22;c2&#x22;:&#x22;x&#x22;},null]" time="0"/>
<testcase classname="@com.mgmtp.a12.tree-engine.core.models.utils.document-utils DocumentUtils when given path = &#x22;c[4]&#x22;" name="should return [{&#x22;c1&#x22;:0},{&#x22;c2&#x22;:&#x22;x&#x22;},null]" time="0"/>
<testcase classname="@com.mgmtp.a12.tree-engine.core.models.utils.document-utils DocumentUtils when given path = &#x22;c[99]&#x22;" name="should return [{&#x22;c1&#x22;:0},{&#x22;c2&#x22;:&#x22;x&#x22;},null]" time="0"/>
<testcase classname="@com.mgmtp.a12.tree-engine.core.models.utils.document-utils DocumentUtils when given path = &#x22;d[0]&#x22;" name="should return {&#x22;d1&#x22;:1,&#x22;d2&#x22;:&#x22;y&#x22;,&#x22;d4&#x22;:null}" time="0"/>
<testcase classname="@com.mgmtp.a12.tree-engine.core.models.utils.document-utils DocumentUtils when given path = &#x22;d[0]/d1[99]&#x22;" name="should return 1" time="0"/>
<testcase classname="@com.mgmtp.a12.tree-engine.core.models.utils.document-utils DocumentUtils when given path = &#x22;d[0]/d2[99]&#x22;" name="should return &#x22;y&#x22;" time="0"/>
<testcase classname="@com.mgmtp.a12.tree-engine.core.models.utils.document-utils DocumentUtils when given path = &#x22;d[0]/d3[99]&#x22;" name="should return null" time="0"/>
<testcase classname="@com.mgmtp.a12.tree-engine.core.models.utils.document-utils DocumentUtils when given path = &#x22;d[0]/d4[99]&#x22;" name="should return null" time="0"/>
<testcase classname="@com.mgmtp.a12.tree-engine.core.models.utils.document-utils DocumentUtils when given path = &#x22;d[0]/d4[99]/d5[99]&#x22;" name="should return null" time="0"/>
<testcase classname="@com.mgmtp.a12.tree-engine.core.models.utils.document-utils DocumentUtils when given path = &#x22;d[0]/d5[99]&#x22;" name="should return null" time="0"/>
<testcase classname="@com.mgmtp.a12.tree-engine.core.models.utils.document-utils DocumentUtils when given path = &#x22;d[99]&#x22;" name="should return {&#x22;d1&#x22;:1,&#x22;d2&#x22;:&#x22;y&#x22;,&#x22;d4&#x22;:null}" time="0"/>
<testcase classname="@com.mgmtp.a12.tree-engine.core.models.utils.document-utils DocumentUtils when given path = &#x22;e[99]&#x22;" name="should return -2" time="0"/>
<testcase classname="@com.mgmtp.a12.tree-engine.core.models.utils.document-utils DocumentUtils when given path = &#x22;f[99]&#x22;" name="should return &#x22;z&#x22;" time="0"/>
<testcase classname="@com.mgmtp.a12.tree-engine.core.models.utils.document-utils DocumentUtils when given path = &#x22;g[99]&#x22;" name="should return true" time="0"/>
<testcase classname="@com.mgmtp.a12.tree-engine.core.models.utils.document-utils DocumentUtils when given path = &#x22;h[99]&#x22;" name="should return false" time="0"/>
<testcase classname="@com.mgmtp.a12.tree-engine.core.models.utils.document-utils DocumentUtils when given path = &#x22;i[99]&#x22;" name="should return &#x22;2019-12-31T17:00:00.000Z&#x22;" time="0"/>
<testcase classname="@com.mgmtp.a12.tree-engine.core.models.utils.document-utils DocumentUtils when given path = &#x22;j[99]&#x22;" name="should return null" time="0"/>
<testcase classname="@com.mgmtp.a12.tree-engine.core.models.utils.document-utils DocumentUtils when given path = &#x22;k[99]&#x22;" name="should return null" time="0"/>
<testcase classname="@com.mgmtp.a12.tree-engine.core.models.utils.document-utils DocumentUtils when result of getValueOrUndefined function is undefined, but corresponding element is boolean field" name="should return false instead of null" time="0.001"/>
<testcase classname="@com.mgmtp.a12.tree-engine.core.models.utils.json JSONPrimitive isInstance when given value = &#x22;&#x22;" name="should return true" time="0.001"/>
<testcase classname="@com.mgmtp.a12.tree-engine.core.models.utils.json JSONPrimitive isInstance when given value = 0" name="should return true" time="0"/>
<testcase classname="@com.mgmtp.a12.tree-engine.core.models.utils.json JSONPrimitive isInstance when given value = -9007199254740991" name="should return true" time="0"/>
<testcase classname="@com.mgmtp.a12.tree-engine.core.models.utils.json JSONPrimitive isInstance when given value = null" name="should return true" time="0"/>
<testcase classname="@com.mgmtp.a12.tree-engine.core.models.utils.json JSONPrimitive isInstance when given value = false" name="should return true" time="0"/>
<testcase classname="@com.mgmtp.a12.tree-engine.core.models.utils.json JSONPrimitive isInstance when given value = null" name="should return true" time="0"/>
<testcase classname="@com.mgmtp.a12.tree-engine.core.models.utils.json JSONPrimitive isInstance when given value = &#x22;2019-12-31T17:00:00.000Z&#x22;" name="should return true" time="0"/>
<testcase classname="@com.mgmtp.a12.tree-engine.core.models.utils.json JSONPrimitive isInstance when given value = &#x22;2020-01-01T17:00:00.000Z&#x22;" name="should return true" time="0"/>
<testcase classname="@com.mgmtp.a12.tree-engine.core.models.utils.json JSONPrimitive isInstance when given value = []" name="should return true" time="0"/>
<testcase classname="@com.mgmtp.a12.tree-engine.core.models.utils.json JSONPrimitive isInstance when given value = {}" name="should return true" time="0"/>
<testcase classname="@com.mgmtp.a12.tree-engine.core.models.utils.json JSONPrimitive areEqual when first argument = &#x22;&#x22;, second argument = &#x22;&#x22;" name="should return true" time="0"/>
<testcase classname="@com.mgmtp.a12.tree-engine.core.models.utils.json JSONPrimitive areEqual when first argument = &#x22;&#x22;, second argument = 0" name="should return false" time="0"/>
<testcase classname="@com.mgmtp.a12.tree-engine.core.models.utils.json JSONPrimitive areEqual when first argument = &#x22;&#x22;, second argument = -9007199254740991" name="should return false" time="0"/>
<testcase classname="@com.mgmtp.a12.tree-engine.core.models.utils.json JSONPrimitive areEqual when first argument = &#x22;&#x22;, second argument = null" name="should return false" time="0"/>
<testcase classname="@com.mgmtp.a12.tree-engine.core.models.utils.json JSONPrimitive areEqual when first argument = &#x22;&#x22;, second argument = false" name="should return false" time="0"/>
<testcase classname="@com.mgmtp.a12.tree-engine.core.models.utils.json JSONPrimitive areEqual when first argument = &#x22;&#x22;, second argument = null" name="should return false" time="0"/>
<testcase classname="@com.mgmtp.a12.tree-engine.core.models.utils.json JSONPrimitive areEqual when first argument = &#x22;&#x22;, second argument = &#x22;2019-12-31T17:00:00.000Z&#x22;" name="should return false" time="0"/>
<testcase classname="@com.mgmtp.a12.tree-engine.core.models.utils.json JSONPrimitive areEqual when first argument = &#x22;&#x22;, second argument = &#x22;2020-01-01T17:00:00.000Z&#x22;" name="should return false" time="0"/>
<testcase classname="@com.mgmtp.a12.tree-engine.core.models.utils.json JSONPrimitive areEqual when first argument = 0, second argument = &#x22;&#x22;" name="should return false" time="0"/>
<testcase classname="@com.mgmtp.a12.tree-engine.core.models.utils.json JSONPrimitive areEqual when first argument = 0, second argument = 0" name="should return true" time="0"/>
<testcase classname="@com.mgmtp.a12.tree-engine.core.models.utils.json JSONPrimitive areEqual when first argument = 0, second argument = -9007199254740991" name="should return false" time="0"/>
<testcase classname="@com.mgmtp.a12.tree-engine.core.models.utils.json JSONPrimitive areEqual when first argument = 0, second argument = null" name="should return false" time="0"/>
<testcase classname="@com.mgmtp.a12.tree-engine.core.models.utils.json JSONPrimitive areEqual when first argument = 0, second argument = false" name="should return false" time="0"/>
<testcase classname="@com.mgmtp.a12.tree-engine.core.models.utils.json JSONPrimitive areEqual when first argument = 0, second argument = null" name="should return false" time="0"/>
<testcase classname="@com.mgmtp.a12.tree-engine.core.models.utils.json JSONPrimitive areEqual when first argument = 0, second argument = &#x22;2019-12-31T17:00:00.000Z&#x22;" name="should return false" time="0"/>
<testcase classname="@com.mgmtp.a12.tree-engine.core.models.utils.json JSONPrimitive areEqual when first argument = 0, second argument = &#x22;2020-01-01T17:00:00.000Z&#x22;" name="should return false" time="0"/>
<testcase classname="@com.mgmtp.a12.tree-engine.core.models.utils.json JSONPrimitive areEqual when first argument = -9007199254740991, second argument = &#x22;&#x22;" name="should return false" time="0"/>
<testcase classname="@com.mgmtp.a12.tree-engine.core.models.utils.json JSONPrimitive areEqual when first argument = -9007199254740991, second argument = 0" name="should return false" time="0"/>
<testcase classname="@com.mgmtp.a12.tree-engine.core.models.utils.json JSONPrimitive areEqual when first argument = -9007199254740991, second argument = -9007199254740991" name="should return true" time="0"/>
<testcase classname="@com.mgmtp.a12.tree-engine.core.models.utils.json JSONPrimitive areEqual when first argument = -9007199254740991, second argument = null" name="should return false" time="0"/>
<testcase classname="@com.mgmtp.a12.tree-engine.core.models.utils.json JSONPrimitive areEqual when first argument = -9007199254740991, second argument = false" name="should return false" time="0"/>
<testcase classname="@com.mgmtp.a12.tree-engine.core.models.utils.json JSONPrimitive areEqual when first argument = -9007199254740991, second argument = null" name="should return false" time="0"/>
<testcase classname="@com.mgmtp.a12.tree-engine.core.models.utils.json JSONPrimitive areEqual when first argument = -9007199254740991, second argument = &#x22;2019-12-31T17:00:00.000Z&#x22;" name="should return false" time="0"/>
<testcase classname="@com.mgmtp.a12.tree-engine.core.models.utils.json JSONPrimitive areEqual when first argument = -9007199254740991, second argument = &#x22;2020-01-01T17:00:00.000Z&#x22;" name="should return false" time="0"/>
<testcase classname="@com.mgmtp.a12.tree-engine.core.models.utils.json JSONPrimitive areEqual when first argument = null, second argument = &#x22;&#x22;" name="should return false" time="0.001"/>
<testcase classname="@com.mgmtp.a12.tree-engine.core.models.utils.json JSONPrimitive areEqual when first argument = null, second argument = 0" name="should return false" time="0"/>
<testcase classname="@com.mgmtp.a12.tree-engine.core.models.utils.json JSONPrimitive areEqual when first argument = null, second argument = -9007199254740991" name="should return false" time="0"/>
<testcase classname="@com.mgmtp.a12.tree-engine.core.models.utils.json JSONPrimitive areEqual when first argument = null, second argument = null" name="should return true" time="0"/>
<testcase classname="@com.mgmtp.a12.tree-engine.core.models.utils.json JSONPrimitive areEqual when first argument = null, second argument = false" name="should return false" time="0"/>
<testcase classname="@com.mgmtp.a12.tree-engine.core.models.utils.json JSONPrimitive areEqual when first argument = null, second argument = null" name="should return false" time="0"/>
<testcase classname="@com.mgmtp.a12.tree-engine.core.models.utils.json JSONPrimitive areEqual when first argument = null, second argument = &#x22;2019-12-31T17:00:00.000Z&#x22;" name="should return false" time="0"/>
<testcase classname="@com.mgmtp.a12.tree-engine.core.models.utils.json JSONPrimitive areEqual when first argument = null, second argument = &#x22;2020-01-01T17:00:00.000Z&#x22;" name="should return false" time="0"/>
<testcase classname="@com.mgmtp.a12.tree-engine.core.models.utils.json JSONPrimitive areEqual when first argument = false, second argument = &#x22;&#x22;" name="should return false" time="0.001"/>
<testcase classname="@com.mgmtp.a12.tree-engine.core.models.utils.json JSONPrimitive areEqual when first argument = false, second argument = 0" name="should return false" time="0"/>
<testcase classname="@com.mgmtp.a12.tree-engine.core.models.utils.json JSONPrimitive areEqual when first argument = false, second argument = -9007199254740991" name="should return false" time="0"/>
<testcase classname="@com.mgmtp.a12.tree-engine.core.models.utils.json JSONPrimitive areEqual when first argument = false, second argument = null" name="should return false" time="0"/>
<testcase classname="@com.mgmtp.a12.tree-engine.core.models.utils.json JSONPrimitive areEqual when first argument = false, second argument = false" name="should return true" time="0"/>
<testcase classname="@com.mgmtp.a12.tree-engine.core.models.utils.json JSONPrimitive areEqual when first argument = false, second argument = null" name="should return false" time="0"/>
<testcase classname="@com.mgmtp.a12.tree-engine.core.models.utils.json JSONPrimitive areEqual when first argument = false, second argument = &#x22;2019-12-31T17:00:00.000Z&#x22;" name="should return false" time="0"/>
<testcase classname="@com.mgmtp.a12.tree-engine.core.models.utils.json JSONPrimitive areEqual when first argument = false, second argument = &#x22;2020-01-01T17:00:00.000Z&#x22;" name="should return false" time="0"/>
<testcase classname="@com.mgmtp.a12.tree-engine.core.models.utils.json JSONPrimitive areEqual when first argument = null, second argument = &#x22;&#x22;" name="should return false" time="0"/>
<testcase classname="@com.mgmtp.a12.tree-engine.core.models.utils.json JSONPrimitive areEqual when first argument = null, second argument = 0" name="should return false" time="0"/>
[...]
<testcase classname="@com.mgmtp.a12.tree-engine.core.view.configuration.dnd.ordering-dnd-can-drop-rules The parent entity characteristic of the relationship model must be order-able. Cases 1.2: when position = BOTTOM Case 1.2.1: when hoveredItem has parent when parent of hoveredItem has a relationship with draggedItem when parentEntityCharacteristic.ordered = FALSE" name="should return false" time="0"/>
<testcase classname="@com.mgmtp.a12.tree-engine.core.view.configuration.dnd.ordering-dnd-can-drop-rules The parent entity characteristic of the relationship model must be order-able. Cases 1.2: when position = BOTTOM Case 1.2.2: when hoveredItem has NO parent, but root has an identifier when root has NO relationship with draggedItem" name="should return no-statement" time="0"/>
<testcase classname="@com.mgmtp.a12.tree-engine.core.view.configuration.dnd.ordering-dnd-can-drop-rules The parent entity characteristic of the relationship model must be order-able. Cases 1.2: when position = BOTTOM Case 1.2.2: when hoveredItem has NO parent, but root has an identifier when root has a relationship with draggedItem when parentEntityCharacteristic.order = true" name="should return no-statement" time="0"/>
<testcase classname="@com.mgmtp.a12.tree-engine.core.view.configuration.dnd.ordering-dnd-can-drop-rules The parent entity characteristic of the relationship model must be order-able. Cases 1.2: when position = BOTTOM Case 1.2.2: when hoveredItem has NO parent, but root has an identifier when root has a relationship with draggedItem when parentEntityCharacteristic.order = false" name="should return false" time="0"/>
<testcase classname="@com.mgmtp.a12.tree-engine.core.view.configuration.dnd.ordering-dnd-can-drop-rules The parent entity characteristic of the relationship model must be order-able. Cases 1.3: when position = AS_CHILD when parent of hoveredItem has NO relationship with draggedItem" name="should return no-statement" time="0"/>
<testcase classname="@com.mgmtp.a12.tree-engine.core.view.configuration.dnd.ordering-dnd-can-drop-rules The parent entity characteristic of the relationship model must be order-able. Cases 1.3: when position = AS_CHILD when parent of hoveredItem has relationship with draggedItem when parentEntityCharacteristic.ordered = true" name="should return no-statement" time="0"/>
<testcase classname="@com.mgmtp.a12.tree-engine.core.view.configuration.dnd.ordering-dnd-can-drop-rules The parent entity characteristic of the relationship model must be order-able. Cases 1.3: when position = AS_CHILD when parent of hoveredItem has relationship with draggedItem when parentEntityCharacteristic.ordered = false" name="should return no-statement" time="0"/>
<testcase classname="@com.mgmtp.a12.tree-engine.core.view.configuration.dnd.ordering-dnd-can-drop-rules The parent node rows must share the same relationship links to be order-able. Cases 2.1: when position = TOP Cases 2.1.1: when hoveredItem has NO parent when root has NO identifier" name="should return no-statement" time="0"/>
<testcase classname="@com.mgmtp.a12.tree-engine.core.view.configuration.dnd.ordering-dnd-can-drop-rules The parent node rows must share the same relationship links to be order-able. Cases 2.1: when position = TOP Cases 2.1.1: when hoveredItem has NO parent when the root has identifier when root has NO relationship with dragItem" name="should return no-statement" time="0"/>
<testcase classname="@com.mgmtp.a12.tree-engine.core.view.configuration.dnd.ordering-dnd-can-drop-rules The parent node rows must share the same relationship links to be order-able. Cases 2.1: when position = TOP Cases 2.1.1: when hoveredItem has NO parent when the root has identifier when root has relationship with dragItem when this relationship id is same as link type of hoveredItem" name="should return true" time="0.001"/>
<testcase classname="@com.mgmtp.a12.tree-engine.core.view.configuration.dnd.ordering-dnd-can-drop-rules The parent node rows must share the same relationship links to be order-able. Cases 2.1: when position = TOP Cases 2.1.1: when hoveredItem has NO parent when the root has identifier when root has relationship with dragItem when this relationship id is NOT same as link type of hoveredItem when this relationship id is same as link type of hoveredItem&#x27;s predecessor" name="should return true" time="0"/>
<testcase classname="@com.mgmtp.a12.tree-engine.core.view.configuration.dnd.ordering-dnd-can-drop-rules The parent node rows must share the same relationship links to be order-able. Cases 2.1: when position = TOP Cases 2.1.1: when hoveredItem has NO parent when the root has identifier when root has relationship with dragItem when this relationship id is NOT same as link type of hoveredItem when this relationship id is NOT same as link type of hoveredItem&#x27;s predecessor
&#x9;  when this relationship id is same as link type of hoveredItem&#x27;s successor" name="should return false" time="0.001"/>
<testcase classname="@com.mgmtp.a12.tree-engine.core.view.configuration.dnd.ordering-dnd-can-drop-rules The parent node rows must share the same relationship links to be order-able. Cases 2.1: when position = TOP Cases 2.1.2: when hoveredItem has parent when parent of hoveredItem has NO relationship with dragItem" name="should return no-statement" time="0.001"/>
<testcase classname="@com.mgmtp.a12.tree-engine.core.view.configuration.dnd.ordering-dnd-can-drop-rules The parent node rows must share the same relationship links to be order-able. Cases 2.1: when position = TOP Cases 2.1.2: when hoveredItem has parent when parent of hoveredItem has a relationship with draggedItem when this relationship id is same as link type of hoveredItem" name="should return true" time="0"/>
<testcase classname="@com.mgmtp.a12.tree-engine.core.view.configuration.dnd.ordering-dnd-can-drop-rules The parent node rows must share the same relationship links to be order-able. Cases 2.1: when position = TOP Cases 2.1.2: when hoveredItem has parent when parent of hoveredItem has a relationship with draggedItem when this relationship id is NOT same as link type of hoveredItem when this relationship id is same as link type of hoveredItem&#x27;s predecessor" name="should return true" time="0"/>
<testcase classname="@com.mgmtp.a12.tree-engine.core.view.configuration.dnd.ordering-dnd-can-drop-rules The parent node rows must share the same relationship links to be order-able. Cases 2.1: when position = TOP Cases 2.1.2: when hoveredItem has parent when parent of hoveredItem has a relationship with draggedItem when this relationship id is NOT same as link type of hoveredItem when this relationship id is NOT same as link type of hoveredItem&#x27;s predecessor
&#x9;  when this relationship id is same as link type of hoveredItem&#x27;s successor" name="should return false" time="0.001"/>
<testcase classname="@com.mgmtp.a12.tree-engine.core.view.configuration.dnd.ordering-dnd-can-drop-rules The parent node rows must share the same relationship links to be order-able. Cases 2.2: when position = BOTTOM Cases 2.2.1: when hoveredItem has NO parent when root has NO identifier" name="should return no-statement" time="0"/>
<testcase classname="@com.mgmtp.a12.tree-engine.core.view.configuration.dnd.ordering-dnd-can-drop-rules The parent node rows must share the same relationship links to be order-able. Cases 2.2: when position = BOTTOM Cases 2.2.1: when hoveredItem has NO parent when the root has identifier when root has NO relationship with dragItem" name="should return no-statement" time="0"/>
<testcase classname="@com.mgmtp.a12.tree-engine.core.view.configuration.dnd.ordering-dnd-can-drop-rules The parent node rows must share the same relationship links to be order-able. Cases 2.2: when position = BOTTOM Cases 2.2.1: when hoveredItem has NO parent when the root has identifier when root has relationship with dragItem when this relationship id is same as link type of hoveredItem" name="should return true" time="0"/>
<testcase classname="@com.mgmtp.a12.tree-engine.core.view.configuration.dnd.ordering-dnd-can-drop-rules The parent node rows must share the same relationship links to be order-able. Cases 2.2: when position = BOTTOM Cases 2.2.1: when hoveredItem has NO parent when the root has identifier when root has relationship with dragItem when this relationship id is NOT same as link type of hoveredItem when this relationship id is same as link type of hoveredItem&#x27;s predecessor" name="should return false" time="0"/>
<testcase classname="@com.mgmtp.a12.tree-engine.core.view.configuration.dnd.ordering-dnd-can-drop-rules The parent node rows must share the same relationship links to be order-able. Cases 2.2: when position = BOTTOM Cases 2.2.1: when hoveredItem has NO parent when the root has identifier when root has relationship with dragItem when this relationship id is NOT same as link type of hoveredItem when this relationship id is NOT same as link type of hoveredItem&#x27;s predecessor
&#x9;  when this relationship id is same as link type of hoveredItem&#x27;s successor" name="should return true" time="0"/>
<testcase classname="@com.mgmtp.a12.tree-engine.core.view.configuration.dnd.ordering-dnd-can-drop-rules The parent node rows must share the same relationship links to be order-able. Cases 2.2: when position = BOTTOM Cases 2.2.2: when hoveredItem has parent when parent of hoveredItem has NO relationship with dragItem" name="should return no-statement" time="0"/>
<testcase classname="@com.mgmtp.a12.tree-engine.core.view.configuration.dnd.ordering-dnd-can-drop-rules The parent node rows must share the same relationship links to be order-able. Cases 2.2: when position = BOTTOM Cases 2.2.2: when hoveredItem has parent when parent of hoveredItem has a relationship with draggedItem when this relationship id is same as link type of hoveredItem" name="should return true" time="0"/>
<testcase classname="@com.mgmtp.a12.tree-engine.core.view.configuration.dnd.ordering-dnd-can-drop-rules The parent node rows must share the same relationship links to be order-able. Cases 2.2: when position = BOTTOM Cases 2.2.2: when hoveredItem has parent when parent of hoveredItem has a relationship with draggedItem when this relationship id is NOT same as link type of hoveredItem when this relationship id is same as link type of hoveredItem&#x27;s predecessor" name="should return false" time="0"/>
<testcase classname="@com.mgmtp.a12.tree-engine.core.view.configuration.dnd.ordering-dnd-can-drop-rules The parent node rows must share the same relationship links to be order-able. Cases 2.2: when position = BOTTOM Cases 2.2.2: when hoveredItem has parent when parent of hoveredItem has a relationship with draggedItem when this relationship id is NOT same as link type of hoveredItem when this relationship id is NOT same as link type of hoveredItem&#x27;s predecessor
&#x9;  when this relationship id is same as link type of hoveredItem&#x27;s successor" name="should return true" time="0"/>
<testcase classname="@com.mgmtp.a12.tree-engine.core.view.configuration.dnd.ordering-dnd-can-drop-rules The parent node rows must share the same relationship links to be order-able. Case 2.3: when position = AS_CHILD when hoveredItem has NO relationship with dragItem" name="should return no-statement" time="0.001"/>
<testcase classname="@com.mgmtp.a12.tree-engine.core.view.configuration.dnd.ordering-dnd-can-drop-rules The parent node rows must share the same relationship links to be order-able. Case 2.3: when position = AS_CHILD when hoveredItem has a relationship with draggedItem
&#x9;  when this relationship id is same as link type of hoveredItem" name="should return true" time="0.001"/>
<testcase classname="@com.mgmtp.a12.tree-engine.core.view.configuration.dnd.ordering-dnd-can-drop-rules The parent node rows must share the same relationship links to be order-able. Case 2.3: when position = AS_CHILD when hoveredItem has a relationship with draggedItem
&#x9;  when this relationship id is NOT same as link type of hoveredItem" name="should return false" time="0.001"/>
<testcase classname="@com.mgmtp.a12.tree-engine.core.view.configuration.event-handlers-dispatch-map onNodeExpansionChanged when node is not expanded" name="should dispatch with expanded arg = true" time="0"/>
<testcase classname="@com.mgmtp.a12.tree-engine.core.view.configuration.event-handlers-dispatch-map onNodeExpansionChanged when node is expanded" name="should dispatch with expanded arg = false" time="0"/>
<testcase classname="@com.mgmtp.a12.tree-engine.core.view.configuration.event-handlers-dispatch-map onEventButtonClicked when button has a confirmation" name="should dispatch onEventButtonClickedRequest" time="0"/>
<testcase classname="@com.mgmtp.a12.tree-engine.core.view.configuration.event-handlers-dispatch-map onEventButtonClicked when button has no confirmation" name="should dispatch onEventButtonClicked" time="0"/>
<testcase classname="@com.mgmtp.a12.tree-engine.core.view.configuration.event-handlers-dispatch-map onNodeEventButtonClicked when button has a confirmation" name="should dispatch onNodeEventButtonClickedRequest" time="0"/>
<testcase classname="@com.mgmtp.a12.tree-engine.core.view.configuration.event-handlers-dispatch-map onNodeEventButtonClicked when button has no confirmation" name="should dispatch onNodeEventButtonClicked" time="0"/>
<testcase classname="@com.mgmtp.a12.tree-engine.core.view.configuration.event-handlers-dispatch-map onInsertChildNodeButtonClicked" name="should dispatch onInsertChildNodeRequest.started" time="0"/>
<testcase classname="@com.mgmtp.a12.tree-engine.core.view.configuration.event-handlers-dispatch-map onDialogClosed" name="should dispatch onDialogClosed" time="0.001"/>
<testcase classname="@com.mgmtp.a12.tree-engine.core.view.configuration.event-handlers-dispatch-map onDialogConfirmed" name="should dispatch onDialogConfirmed" time="0"/>
<testcase classname="@com.mgmtp.a12.tree-engine.core.view.configuration.event-handlers-dispatch-map onNodeSelectionChanged" name="should work properly" time="0"/>
<testcase classname="@com.mgmtp.a12.tree-engine.core.view.configuration.event-handlers-dispatch-map onDndStart" name="should dispatch onDndStarted" time="0.001"/>
<testcase classname="@com.mgmtp.a12.tree-engine.core.view.configuration.event-handlers-dispatch-map onDndDone when droppedNodeRow is undefined" name="should dispatch onDndDone" time="0"/>
<testcase classname="@com.mgmtp.a12.tree-engine.core.view.configuration.event-handlers-dispatch-map onDndDone when position is undefined" name="should dispatch onDndDone" time="0"/>
<testcase classname="@com.mgmtp.a12.tree-engine.core.view.configuration.event-handlers-dispatch-map onDndDone when droppedNodeRow and position are both defined" name="should dispatch onDndDone" time="0.001"/>
<testcase classname="@com.mgmtp.a12.tree-engine.core.view.configuration.event-handlers-dispatch-map onDndHover when canDrop = true, position = as_child" name="should dispatch onDndHover" time="0"/>
<testcase classname="@com.mgmtp.a12.tree-engine.core.view.configuration.event-handlers-dispatch-map onDndHover when canDrop = true, position = top" name="should dispatch onDndHover" time="0"/>
<testcase classname="@com.mgmtp.a12.tree-engine.core.view.configuration.event-handlers-dispatch-map onDndHover when canDrop = false, position = as_child" name="should dispatch onDndHover" time="0.001"/>
<testcase classname="@com.mgmtp.a12.tree-engine.core.view.configuration.event-handlers-dispatch-map onDndHover when canDrop = false, position = bottom" name="should dispatch onDndHover" time="0"/>
<testcase classname="@com.mgmtp.a12.tree-engine.core.view.configuration.event-handlers-dispatch-map onRowClicked when node model has defaultRowAction" name="should dispatch onRowClicked" time="0"/>
<testcase classname="@com.mgmtp.a12.tree-engine.core.view.configuration.event-handlers-dispatch-map onRowClicked when node model has no defaultRowAction" name="should dispatch onNodeSelectionChanged" time="0.001"/>
<testcase classname="@com.mgmtp.a12.tree-engine.core.view.context.context eventHandlers" name="should use props.eventHandlers" time="0.002"/>
<testcase classname="@com.mgmtp.a12.tree-engine.core.view.context.context dndConfiguration when not given a custom dndConfiguration" name="should use the defaultDndConfiguration" time="0.002"/>
<testcase classname="@com.mgmtp.a12.tree-engine.core.view.context.context dndConfiguration when given a custom dndConfiguration" name="should use the custom dndConfiguration" time="0.002"/>
<testcase classname="@com.mgmtp.a12.tree-engine.core.view.context.context attachmentHandler when not wrap with TreeEngineContextProvider" name="should use MissingAttachmentHandler by default" time="0"/>
<testcase classname="@com.mgmtp.a12.tree-engine.core.view.context.context attachmentHandler when wrap with TreeEngineContextProvider when not given attachmentHandler" name="should use the MissingAttachmentHandler" time="0.001"/>
<testcase classname="@com.mgmtp.a12.tree-engine.core.view.context.context attachmentHandler when wrap with TreeEngineContextProvider when given a custom attachmentHandler" name="should use the custom attachmentHandler" time="0.001"/>
<testcase classname="@com.mgmtp.a12.tree-engine.core.view.context.context converter when not wrap with TreeEngineContextProvider" name="should throw an error" time="0"/>
<testcase classname="@com.mgmtp.a12.tree-engine.core.view.context.context converter when wrap with TreeEngineContextProvider when not given a converter" name="should call and use the defaultConverterProvider" time="0.001"/>
<testcase classname="@com.mgmtp.a12.tree-engine.core.view.context.context converter when wrap with TreeEngineContextProvider when given a custom converter" name="should use the custom converter" time="0.001"/>
<testcase classname="@com.mgmtp.a12.tree-engine.core.view.context.context localizer when not wrap with TreeEngineContextProvider" name="should throw an error" time="0"/>
<testcase classname="@com.mgmtp.a12.tree-engine.core.view.context.context localizer when wrap with TreeEngineContextProvider when not given a localizerService" name="should call defaultLocalizerService " time="0.002"/>
<testcase classname="@com.mgmtp.a12.tree-engine.core.view.context.context localizer when wrap with TreeEngineContextProvider when given a localizerService" name="should not call defaultLocalizerService" time="0.001"/>
<testcase classname="@com.mgmtp.a12.tree-engine.core.view.context.context componentMap when not given componentMap" name="should use the DefaultComponentMap" time="0.002"/>
<testcase classname="@com.mgmtp.a12.tree-engine.core.view.context.context componentMap when given a custom componentMap when not given DndProvider" name="should use the custom componentMap" time="0.002"/>
<testcase classname="@com.mgmtp.a12.tree-engine.core.view.context.context widgetMap when not given widgetMap" name="should use the DefaultWidgetMap" time="0.001"/>
<testcase classname="@com.mgmtp.a12.tree-engine.core.view.context.context widgetMap when given a custom widgetMap" name="should use the custom widgetMap" time="0.001"/>
<testcase classname="@com.mgmtp.a12.tree-engine.core.view.context.context rowActionStateGetter when not given rowActionStateGetter" name="should not have rowActionStateGetter" time="0.001"/>
<testcase classname="@com.mgmtp.a12.tree-engine.core.view.context.context rowActionStateGetter when not given rowActionStateGetter" name="should use the rowActionStateGetter" time="0.001"/>
<testcase classname="@com.mgmtp.a12.tree-engine.core.view.context.context state" name="should use props.state" time="0.002"/>
<testcase classname="@com.mgmtp.a12.tree-engine.core.view.context.context smallView given a specific smallView" name="should return that smallView from the context" time="0.003"/>
</testsuite>
